..\..\build\Debug\video.pdb
C:\VIDEO_3.1.7\BUILD\DEBUG\VIDEO.EXE
C:\VIDEO_3.1.7\BUILD\RELEASE\VIDEO.EXE
C:\video_3.1.7\projects\msvc9\..\..\build\Debug\video.exe
C:\video_3.1.7\projects\msvc9\video.tmp\cl.command.1.tlog
C:\video_3.1.7\projects\msvc9\video.tmp\CL.read.1.tlog
C:\video_3.1.7\projects\msvc9\video.tmp\CL.write.1.tlog
C:\VIDEO_3.1.7\PROJECTS\MSVC9\VIDEO.TMP\DBMODULE.OBJ
C:\video_3.1.7\projects\msvc9\video.tmp\link.command.1.tlog
C:\video_3.1.7\projects\msvc9\video.tmp\link.read.1.tlog
C:\video_3.1.7\projects\msvc9\video.tmp\link.write.1.tlog
C:\video_3.1.7\projects\msvc9\video.tmp\link-cvtres.read.1.tlog
C:\video_3.1.7\projects\msvc9\video.tmp\link-cvtres.write.1.tlog
C:\video_3.1.7\projects\msvc9\video.tmp\mt.command.1.tlog
C:\video_3.1.7\projects\msvc9\video.tmp\mt.read.1.tlog
C:\video_3.1.7\projects\msvc9\video.tmp\mt.write.1.tlog
C:\video_3.1.7\projects\msvc9\video.tmp\rc.command.1.tlog
C:\video_3.1.7\projects\msvc9\video.tmp\rc.read.1.tlog
C:\video_3.1.7\projects\msvc9\video.tmp\rc.write.1.tlog
C:\VIDEO_3.1.7\PROJECTS\MSVC9\VIDEO.TMP\V4FFRAME.OBJ
C:\VIDEO_3.1.7\PROJECTS\MSVC9\VIDEO.TMP\V4FVIEWERDIALOG.OBJ
C:\VIDEO_3.1.7\PROJECTS\MSVC9\VIDEO.TMP\V4FWRITER.OBJ
C:\VIDEO_3.1.7\PROJECTS\MSVC9\VIDEO.TMP\VAVIWRITER.OBJ
C:\video_3.1.7\projects\msvc9\video.tmp\vc100.idb
C:\VIDEO_3.1.7\PROJECTS\MSVC9\VIDEO.TMP\VC100.PDB
C:\VIDEO_3.1.7\PROJECTS\MSVC9\VIDEO.TMP\VCAMERACONTROL.OBJ
C:\VIDEO_3.1.7\PROJECTS\MSVC9\VIDEO.TMP\VCAMERAPROPDIALOG.OBJ
C:\VIDEO_3.1.7\PROJECTS\MSVC9\VIDEO.TMP\VCAMERAPROPERTIES.OBJ
C:\VIDEO_3.1.7\PROJECTS\MSVC9\VIDEO.TMP\VCAPTURE.OBJ
C:\VIDEO_3.1.7\PROJECTS\MSVC9\VIDEO.TMP\VCAPTUREJAI.OBJ
C:\VIDEO_3.1.7\PROJECTS\MSVC9\VIDEO.TMP\VCAPTURERTSP.OBJ
C:\VIDEO_3.1.7\PROJECTS\MSVC9\VIDEO.TMP\VCAPTURETHREAD.OBJ
C:\VIDEO_3.1.7\PROJECTS\MSVC9\VIDEO.TMP\VCODEDPPTHREAD.OBJ
C:\VIDEO_3.1.7\PROJECTS\MSVC9\VIDEO.TMP\VCOORDINATESCLIENT.OBJ
C:\VIDEO_3.1.7\PROJECTS\MSVC9\VIDEO.TMP\VCOORDINATESRECORD.OBJ
C:\VIDEO_3.1.7\PROJECTS\MSVC9\VIDEO.TMP\VCOORDINATESTHREAD.OBJ
C:\video_3.1.7\projects\msvc9\video.tmp\video.exe.intermediate.manifest
C:\VIDEO_3.1.7\PROJECTS\MSVC9\VIDEO.TMP\VIDEO.OBJ
C:\VIDEO_3.1.7\PROJECTS\MSVC9\VIDEO.TMP\VIDEO.RES
C:\video_3.1.7\projects\msvc9\video.tmp\video.vcxprojResolveAssemblyReference.cache
C:\video_3.1.7\projects\msvc9\video.tmp\video.write.1.tlog
C:\VIDEO_3.1.7\PROJECTS\MSVC9\VIDEO.TMP\VJPGWRITER.OBJ
C:\VIDEO_3.1.7\PROJECTS\MSVC9\VIDEO.TMP\VMAINPROPDIALOG.OBJ
