Build started 26-Oct-15 11:39:47.
     1>Project "C:\video_3.1.7\projects\msvc9\video.vcxproj" on node 2 (build target(s)).
     1>InitializeBuildStatus:
         Creating "video.tmp\video.unsuccessfulbuild" because "AlwaysCreate" was specified.
       ClCompile:
         c:\Program Files (x86)\Microsoft Visual Studio 10.0\VC\bin\CL.exe /c /I..\..\xpm /I..\..\baselib /I..\..\c4flib /I..\..\calclib /I"C:\Program Files\JAI\SDK\library\CPP\include" /I..\..\dblib /I..\..\version /I"C:\Program Files\JAI\SDK\library\CPP\include" /ZI /nologo /W3 /WX- /Od /Oy- /D _UNICODE /D UNICODE /Gm /EHsc /RTC1 /MDd /GS /fp:precise /Zc:wchar_t /Zc:forScope /Fo"video.tmp\\" /Fd"video.tmp\vc100.pdb" /Gd /TP /analyze- /errorReport:prompt ..\..\video\VAviWriter.cpp ..\..\video\VCaptureThread.cpp
         VCaptureThread.cpp
         Please define _WIN32_WINNT or _WIN32_WINDOWS appropriately. For example:
         - add -D_WIN32_WINNT=0x0501 to the compiler command line; or
         - add _WIN32_WINNT=0x0501 to your project's Preprocessor Definitions.
         Assuming _WIN32_WINNT=0x0501 (i.e. Windows XP target).
     1>c:\lib\wxwidgets-3.0.2\include\wx\wxcrt.h(209): warning C4996: 'strcpy': This function or variable may be unsafe. Consider using strcpy_s instead. To disable deprecation, use _CRT_SECURE_NO_WARNINGS. See online help for details.
                 c:\program files (x86)\microsoft visual studio 10.0\vc\include\string.h(105) : see declaration of 'strcpy'
     1>c:\lib\wxwidgets-3.0.2\include\wx\wxcrt.h(211): warning C4996: 'wcscpy': This function or variable may be unsafe. Consider using wcscpy_s instead. To disable deprecation, use _CRT_SECURE_NO_WARNINGS. See online help for details.
                 c:\program files (x86)\microsoft visual studio 10.0\vc\include\string.h(283) : see declaration of 'wcscpy'
     1>c:\lib\wxwidgets-3.0.2\include\wx\wxcrt.h(213): warning C4996: 'strcpy': This function or variable may be unsafe. Consider using strcpy_s instead. To disable deprecation, use _CRT_SECURE_NO_WARNINGS. See online help for details.
                 c:\program files (x86)\microsoft visual studio 10.0\vc\include\string.h(105) : see declaration of 'strcpy'
     1>c:\lib\wxwidgets-3.0.2\include\wx\wxcrt.h(215): warning C4996: 'strcpy': This function or variable may be unsafe. Consider using strcpy_s instead. To disable deprecation, use _CRT_SECURE_NO_WARNINGS. See online help for details.
                 c:\program files (x86)\microsoft visual studio 10.0\vc\include\string.h(105) : see declaration of 'strcpy'
     1>c:\lib\wxwidgets-3.0.2\include\wx\wxcrt.h(217): warning C4996: 'strcpy': This function or variable may be unsafe. Consider using strcpy_s instead. To disable deprecation, use _CRT_SECURE_NO_WARNINGS. See online help for details.
                 c:\program files (x86)\microsoft visual studio 10.0\vc\include\string.h(105) : see declaration of 'strcpy'
     1>c:\lib\wxwidgets-3.0.2\include\wx\wxcrt.h(219): warning C4996: 'wcscpy': This function or variable may be unsafe. Consider using wcscpy_s instead. To disable deprecation, use _CRT_SECURE_NO_WARNINGS. See online help for details.
                 c:\program files (x86)\microsoft visual studio 10.0\vc\include\string.h(283) : see declaration of 'wcscpy'
     1>c:\lib\wxwidgets-3.0.2\include\wx\wxcrt.h(221): warning C4996: 'wcscpy': This function or variable may be unsafe. Consider using wcscpy_s instead. To disable deprecation, use _CRT_SECURE_NO_WARNINGS. See online help for details.
                 c:\program files (x86)\microsoft visual studio 10.0\vc\include\string.h(283) : see declaration of 'wcscpy'
     1>c:\lib\wxwidgets-3.0.2\include\wx\wxcrt.h(223): warning C4996: 'wcscpy': This function or variable may be unsafe. Consider using wcscpy_s instead. To disable deprecation, use _CRT_SECURE_NO_WARNINGS. See online help for details.
                 c:\program files (x86)\microsoft visual studio 10.0\vc\include\string.h(283) : see declaration of 'wcscpy'
     1>c:\lib\wxwidgets-3.0.2\include\wx\wxcrt.h(225): warning C4996: 'strcpy': This function or variable may be unsafe. Consider using strcpy_s instead. To disable deprecation, use _CRT_SECURE_NO_WARNINGS. See online help for details.
                 c:\program files (x86)\microsoft visual studio 10.0\vc\include\string.h(105) : see declaration of 'strcpy'
     1>c:\lib\wxwidgets-3.0.2\include\wx\wxcrt.h(227): warning C4996: 'wcscpy': This function or variable may be unsafe. Consider using wcscpy_s instead. To disable deprecation, use _CRT_SECURE_NO_WARNINGS. See online help for details.
                 c:\program files (x86)\microsoft visual studio 10.0\vc\include\string.h(283) : see declaration of 'wcscpy'
     1>c:\lib\wxwidgets-3.0.2\include\wx\wxcrt.h(230): warning C4996: 'strncpy': This function or variable may be unsafe. Consider using strncpy_s instead. To disable deprecation, use _CRT_SECURE_NO_WARNINGS. See online help for details.
                 c:\program files (x86)\microsoft visual studio 10.0\vc\include\string.h(188) : see declaration of 'strncpy'
     1>c:\lib\wxwidgets-3.0.2\include\wx\wxcrt.h(232): warning C4996: 'wcsncpy': This function or variable may be unsafe. Consider using wcsncpy_s instead. To disable deprecation, use _CRT_SECURE_NO_WARNINGS. See online help for details.
                 c:\program files (x86)\microsoft visual studio 10.0\vc\include\string.h(306) : see declaration of 'wcsncpy'
     1>c:\lib\wxwidgets-3.0.2\include\wx\wxcrt.h(234): warning C4996: 'strncpy': This function or variable may be unsafe. Consider using strncpy_s instead. To disable deprecation, use _CRT_SECURE_NO_WARNINGS. See online help for details.
                 c:\program files (x86)\microsoft visual studio 10.0\vc\include\string.h(188) : see declaration of 'strncpy'
     1>c:\lib\wxwidgets-3.0.2\include\wx\wxcrt.h(236): warning C4996: 'strncpy': This function or variable may be unsafe. Consider using strncpy_s instead. To disable deprecation, use _CRT_SECURE_NO_WARNINGS. See online help for details.
                 c:\program files (x86)\microsoft visual studio 10.0\vc\include\string.h(188) : see declaration of 'strncpy'
     1>c:\lib\wxwidgets-3.0.2\include\wx\wxcrt.h(238): warning C4996: 'strncpy': This function or variable may be unsafe. Consider using strncpy_s instead. To disable deprecation, use _CRT_SECURE_NO_WARNINGS. See online help for details.
                 c:\program files (x86)\microsoft visual studio 10.0\vc\include\string.h(188) : see declaration of 'strncpy'
     1>c:\lib\wxwidgets-3.0.2\include\wx\wxcrt.h(240): warning C4996: 'wcsncpy': This function or variable may be unsafe. Consider using wcsncpy_s instead. To disable deprecation, use _CRT_SECURE_NO_WARNINGS. See online help for details.
                 c:\program files (x86)\microsoft visual studio 10.0\vc\include\string.h(306) : see declaration of 'wcsncpy'
     1>c:\lib\wxwidgets-3.0.2\include\wx\wxcrt.h(242): warning C4996: 'wcsncpy': This function or variable may be unsafe. Consider using wcsncpy_s instead. To disable deprecation, use _CRT_SECURE_NO_WARNINGS. See online help for details.
                 c:\program files (x86)\microsoft visual studio 10.0\vc\include\string.h(306) : see declaration of 'wcsncpy'
     1>c:\lib\wxwidgets-3.0.2\include\wx\wxcrt.h(244): warning C4996: 'wcsncpy': This function or variable may be unsafe. Consider using wcsncpy_s instead. To disable deprecation, use _CRT_SECURE_NO_WARNINGS. See online help for details.
                 c:\program files (x86)\microsoft visual studio 10.0\vc\include\string.h(306) : see declaration of 'wcsncpy'
     1>c:\lib\wxwidgets-3.0.2\include\wx\wxcrt.h(246): warning C4996: 'strncpy': This function or variable may be unsafe. Consider using strncpy_s instead. To disable deprecation, use _CRT_SECURE_NO_WARNINGS. See online help for details.
                 c:\program files (x86)\microsoft visual studio 10.0\vc\include\string.h(188) : see declaration of 'strncpy'
     1>c:\lib\wxwidgets-3.0.2\include\wx\wxcrt.h(248): warning C4996: 'wcsncpy': This function or variable may be unsafe. Consider using wcsncpy_s instead. To disable deprecation, use _CRT_SECURE_NO_WARNINGS. See online help for details.
                 c:\program files (x86)\microsoft visual studio 10.0\vc\include\string.h(306) : see declaration of 'wcsncpy'
     1>c:\lib\wxwidgets-3.0.2\include\wx\wxcrt.h(260): warning C4996: 'strncpy': This function or variable may be unsafe. Consider using strncpy_s instead. To disable deprecation, use _CRT_SECURE_NO_WARNINGS. See online help for details.
                 c:\program files (x86)\microsoft visual studio 10.0\vc\include\string.h(188) : see declaration of 'strncpy'
     1>c:\lib\wxwidgets-3.0.2\include\wx\wxcrt.h(273): warning C4996: 'wcsncpy': This function or variable may be unsafe. Consider using wcsncpy_s instead. To disable deprecation, use _CRT_SECURE_NO_WARNINGS. See online help for details.
                 c:\program files (x86)\microsoft visual studio 10.0\vc\include\string.h(306) : see declaration of 'wcsncpy'
     1>c:\lib\wxwidgets-3.0.2\include\wx\wxcrt.h(281): warning C4996: 'strcat': This function or variable may be unsafe. Consider using strcat_s instead. To disable deprecation, use _CRT_SECURE_NO_WARNINGS. See online help for details.
                 c:\program files (x86)\microsoft visual studio 10.0\vc\include\string.h(110) : see declaration of 'strcat'
     1>c:\lib\wxwidgets-3.0.2\include\wx\wxcrt.h(283): warning C4996: 'wcscat': This function or variable may be unsafe. Consider using wcscat_s instead. To disable deprecation, use _CRT_SECURE_NO_WARNINGS. See online help for details.
                 c:\program files (x86)\microsoft visual studio 10.0\vc\include\string.h(276) : see declaration of 'wcscat'
     1>c:\lib\wxwidgets-3.0.2\include\wx\wxcrt.h(285): warning C4996: 'strcat': This function or variable may be unsafe. Consider using strcat_s instead. To disable deprecation, use _CRT_SECURE_NO_WARNINGS. See online help for details.
                 c:\program files (x86)\microsoft visual studio 10.0\vc\include\string.h(110) : see declaration of 'strcat'
     1>c:\lib\wxwidgets-3.0.2\include\wx\wxcrt.h(287): warning C4996: 'strcat': This function or variable may be unsafe. Consider using strcat_s instead. To disable deprecation, use _CRT_SECURE_NO_WARNINGS. See online help for details.
                 c:\program files (x86)\microsoft visual studio 10.0\vc\include\string.h(110) : see declaration of 'strcat'
     1>c:\lib\wxwidgets-3.0.2\include\wx\wxcrt.h(289): warning C4996: 'strcat': This function or variable may be unsafe. Consider using strcat_s instead. To disable deprecation, use _CRT_SECURE_NO_WARNINGS. See online help for details.
                 c:\program files (x86)\microsoft visual studio 10.0\vc\include\string.h(110) : see declaration of 'strcat'
     1>c:\lib\wxwidgets-3.0.2\include\wx\wxcrt.h(291): warning C4996: 'wcscat': This function or variable may be unsafe. Consider using wcscat_s instead. To disable deprecation, use _CRT_SECURE_NO_WARNINGS. See online help for details.
                 c:\program files (x86)\microsoft visual studio 10.0\vc\include\string.h(276) : see declaration of 'wcscat'
     1>c:\lib\wxwidgets-3.0.2\include\wx\wxcrt.h(293): warning C4996: 'wcscat': This function or variable may be unsafe. Consider using wcscat_s instead. To disable deprecation, use _CRT_SECURE_NO_WARNINGS. See online help for details.
                 c:\program files (x86)\microsoft visual studio 10.0\vc\include\string.h(276) : see declaration of 'wcscat'
     1>c:\lib\wxwidgets-3.0.2\include\wx\wxcrt.h(295): warning C4996: 'wcscat': This function or variable may be unsafe. Consider using wcscat_s instead. To disable deprecation, use _CRT_SECURE_NO_WARNINGS. See online help for details.
                 c:\program files (x86)\microsoft visual studio 10.0\vc\include\string.h(276) : see declaration of 'wcscat'
     1>c:\lib\wxwidgets-3.0.2\include\wx\wxcrt.h(297): warning C4996: 'strcat': This function or variable may be unsafe. Consider using strcat_s instead. To disable deprecation, use _CRT_SECURE_NO_WARNINGS. See online help for details.
                 c:\program files (x86)\microsoft visual studio 10.0\vc\include\string.h(110) : see declaration of 'strcat'
     1>c:\lib\wxwidgets-3.0.2\include\wx\wxcrt.h(299): warning C4996: 'wcscat': This function or variable may be unsafe. Consider using wcscat_s instead. To disable deprecation, use _CRT_SECURE_NO_WARNINGS. See online help for details.
                 c:\program files (x86)\microsoft visual studio 10.0\vc\include\string.h(276) : see declaration of 'wcscat'
     1>c:\lib\wxwidgets-3.0.2\include\wx\wxcrt.h(302): warning C4996: 'strncat': This function or variable may be unsafe. Consider using strncat_s instead. To disable deprecation, use _CRT_SECURE_NO_WARNINGS. See online help for details.
                 c:\program files (x86)\microsoft visual studio 10.0\vc\include\string.h(175) : see declaration of 'strncat'
     1>c:\lib\wxwidgets-3.0.2\include\wx\wxcrt.h(304): warning C4996: 'wcsncat': This function or variable may be unsafe. Consider using wcsncat_s instead. To disable deprecation, use _CRT_SECURE_NO_WARNINGS. See online help for details.
                 c:\program files (x86)\microsoft visual studio 10.0\vc\include\string.h(299) : see declaration of 'wcsncat'
     1>c:\lib\wxwidgets-3.0.2\include\wx\wxcrt.h(306): warning C4996: 'strncat': This function or variable may be unsafe. Consider using strncat_s instead. To disable deprecation, use _CRT_SECURE_NO_WARNINGS. See online help for details.
                 c:\program files (x86)\microsoft visual studio 10.0\vc\include\string.h(175) : see declaration of 'strncat'
     1>c:\lib\wxwidgets-3.0.2\include\wx\wxcrt.h(308): warning C4996: 'strncat': This function or variable may be unsafe. Consider using strncat_s instead. To disable deprecation, use _CRT_SECURE_NO_WARNINGS. See online help for details.
                 c:\program files (x86)\microsoft visual studio 10.0\vc\include\string.h(175) : see declaration of 'strncat'
     1>c:\lib\wxwidgets-3.0.2\include\wx\wxcrt.h(310): warning C4996: 'strncat': This function or variable may be unsafe. Consider using strncat_s instead. To disable deprecation, use _CRT_SECURE_NO_WARNINGS. See online help for details.
                 c:\program files (x86)\microsoft visual studio 10.0\vc\include\string.h(175) : see declaration of 'strncat'
     1>c:\lib\wxwidgets-3.0.2\include\wx\wxcrt.h(312): warning C4996: 'wcsncat': This function or variable may be unsafe. Consider using wcsncat_s instead. To disable deprecation, use _CRT_SECURE_NO_WARNINGS. See online help for details.
                 c:\program files (x86)\microsoft visual studio 10.0\vc\include\string.h(299) : see declaration of 'wcsncat'
     1>c:\lib\wxwidgets-3.0.2\include\wx\wxcrt.h(314): warning C4996: 'wcsncat': This function or variable may be unsafe. Consider using wcsncat_s instead. To disable deprecation, use _CRT_SECURE_NO_WARNINGS. See online help for details.
                 c:\program files (x86)\microsoft visual studio 10.0\vc\include\string.h(299) : see declaration of 'wcsncat'
     1>c:\lib\wxwidgets-3.0.2\include\wx\wxcrt.h(316): warning C4996: 'wcsncat': This function or variable may be unsafe. Consider using wcsncat_s instead. To disable deprecation, use _CRT_SECURE_NO_WARNINGS. See online help for details.
                 c:\program files (x86)\microsoft visual studio 10.0\vc\include\string.h(299) : see declaration of 'wcsncat'
     1>c:\lib\wxwidgets-3.0.2\include\wx\wxcrt.h(318): warning C4996: 'strncat': This function or variable may be unsafe. Consider using strncat_s instead. To disable deprecation, use _CRT_SECURE_NO_WARNINGS. See online help for details.
                 c:\program files (x86)\microsoft visual studio 10.0\vc\include\string.h(175) : see declaration of 'strncat'
     1>c:\lib\wxwidgets-3.0.2\include\wx\wxcrt.h(320): warning C4996: 'wcsncat': This function or variable may be unsafe. Consider using wcsncat_s instead. To disable deprecation, use _CRT_SECURE_NO_WARNINGS. See online help for details.
                 c:\program files (x86)\microsoft visual studio 10.0\vc\include\string.h(299) : see declaration of 'wcsncat'
     1>c:\lib\wxwidgets-3.0.2\include\wx\wxcrt.h(754): warning C4996: '_wfopen': This function or variable may be unsafe. Consider using _wfopen_s instead. To disable deprecation, use _CRT_SECURE_NO_WARNINGS. See online help for details.
                 c:\program files (x86)\microsoft visual studio 10.0\vc\include\stdio.h(601) : see declaration of '_wfopen'
     1>c:\lib\wxwidgets-3.0.2\include\wx\wxcrt.h(756): warning C4996: '_wfreopen': This function or variable may be unsafe. Consider using _wfreopen_s instead. To disable deprecation, use _CRT_SECURE_NO_WARNINGS. See online help for details.
                 c:\program files (x86)\microsoft visual studio 10.0\vc\include\stdio.h(603) : see declaration of '_wfreopen'
     1>c:\lib\wxwidgets-3.0.2\include\wx\wxcrt.h(923): warning C4996: 'getenv': This function or variable may be unsafe. Consider using _dupenv_s instead. To disable deprecation, use _CRT_SECURE_NO_WARNINGS. See online help for details.
                 c:\program files (x86)\microsoft visual studio 10.0\vc\include\stdlib.h(433) : see declaration of 'getenv'
     1>c:\lib\wxwidgets-3.0.2\include\wx\wxcrt.h(924): warning C4996: '_wgetenv': This function or variable may be unsafe. Consider using _wdupenv_s instead. To disable deprecation, use _CRT_SECURE_NO_WARNINGS. See online help for details.
                 c:\program files (x86)\microsoft visual studio 10.0\vc\include\wchar.h(879) : see declaration of '_wgetenv'
     1>c:\lib\wxwidgets-3.0.2\include\wx\wxcrt.h(925): warning C4996: 'getenv': This function or variable may be unsafe. Consider using _dupenv_s instead. To disable deprecation, use _CRT_SECURE_NO_WARNINGS. See online help for details.
                 c:\program files (x86)\microsoft visual studio 10.0\vc\include\stdlib.h(433) : see declaration of 'getenv'
     1>c:\lib\wxwidgets-3.0.2\include\wx\wxcrt.h(926): warning C4996: 'getenv': This function or variable may be unsafe. Consider using _dupenv_s instead. To disable deprecation, use _CRT_SECURE_NO_WARNINGS. See online help for details.
                 c:\program files (x86)\microsoft visual studio 10.0\vc\include\stdlib.h(433) : see declaration of 'getenv'
     1>c:\lib\wxwidgets-3.0.2\include\wx\wxcrt.h(927): warning C4996: 'getenv': This function or variable may be unsafe. Consider using _dupenv_s instead. To disable deprecation, use _CRT_SECURE_NO_WARNINGS. See online help for details.
                 c:\program files (x86)\microsoft visual studio 10.0\vc\include\stdlib.h(433) : see declaration of 'getenv'
     1>c:\lib\wxwidgets-3.0.2\include\wx\wxcrt.h(928): warning C4996: '_wgetenv': This function or variable may be unsafe. Consider using _wdupenv_s instead. To disable deprecation, use _CRT_SECURE_NO_WARNINGS. See online help for details.
                 c:\program files (x86)\microsoft visual studio 10.0\vc\include\wchar.h(879) : see declaration of '_wgetenv'
     1>c:\lib\wxwidgets-3.0.2\include\wx\filefn.h(515): warning C4996: '_wopen': This function or variable may be unsafe. Consider using _wsopen_s instead. To disable deprecation, use _CRT_SECURE_NO_WARNINGS. See online help for details.
                 c:\program files (x86)\microsoft visual studio 10.0\vc\include\wchar.h(334) : see declaration of '_wopen'
     1>c:\video_3.1.7\video\vcoordinatesrecord.h(17): warning C4996: 'strcpy': This function or variable may be unsafe. Consider using strcpy_s instead. To disable deprecation, use _CRT_SECURE_NO_WARNINGS. See online help for details.
                 c:\program files (x86)\microsoft visual studio 10.0\vc\include\string.h(105) : see declaration of 'strcpy'
     1>c:\video_3.1.7\video\vcoordinatesrecord.h(18): warning C4996: 'strcpy': This function or variable may be unsafe. Consider using strcpy_s instead. To disable deprecation, use _CRT_SECURE_NO_WARNINGS. See online help for details.
                 c:\program files (x86)\microsoft visual studio 10.0\vc\include\string.h(105) : see declaration of 'strcpy'
     1>c:\video_3.1.7\video\vcapturethread.cpp(77): warning C4101: 'excp' : unreferenced local variable
     1>c:\video_3.1.7\video\vcapturethread.cpp(115): warning C4101: 'e' : unreferenced local variable
     1>c:\video_3.1.7\video\vcapturethread.cpp(163): warning C4996: '_snwprintf': This function or variable may be unsafe. Consider using _snwprintf_s instead. To disable deprecation, use _CRT_SECURE_NO_WARNINGS. See online help for details.
                 c:\program files (x86)\microsoft visual studio 10.0\vc\include\stdio.h(488) : see declaration of '_snwprintf'
         VAviWriter.cpp
         Please define _WIN32_WINNT or _WIN32_WINDOWS appropriately. For example:
         - add -D_WIN32_WINNT=0x0501 to the compiler command line; or
         - add _WIN32_WINNT=0x0501 to your project's Preprocessor Definitions.
         Assuming _WIN32_WINNT=0x0501 (i.e. Windows XP target).
     1>c:\video_3.1.7\video\vcoordinatesrecord.h(17): warning C4996: 'strcpy': This function or variable may be unsafe. Consider using strcpy_s instead. To disable deprecation, use _CRT_SECURE_NO_WARNINGS. See online help for details.
                 c:\program files (x86)\microsoft visual studio 10.0\vc\include\string.h(105) : see declaration of 'strcpy'
     1>c:\video_3.1.7\video\vcoordinatesrecord.h(18): warning C4996: 'strcpy': This function or variable may be unsafe. Consider using strcpy_s instead. To disable deprecation, use _CRT_SECURE_NO_WARNINGS. See online help for details.
                 c:\program files (x86)\microsoft visual studio 10.0\vc\include\string.h(105) : see declaration of 'strcpy'
     1>c:\lib\wxwidgets-3.0.2\include\wx\wxcrt.h(209): warning C4996: 'strcpy': This function or variable may be unsafe. Consider using strcpy_s instead. To disable deprecation, use _CRT_SECURE_NO_WARNINGS. See online help for details.
                 c:\program files (x86)\microsoft visual studio 10.0\vc\include\string.h(105) : see declaration of 'strcpy'
     1>c:\lib\wxwidgets-3.0.2\include\wx\wxcrt.h(211): warning C4996: 'wcscpy': This function or variable may be unsafe. Consider using wcscpy_s instead. To disable deprecation, use _CRT_SECURE_NO_WARNINGS. See online help for details.
                 c:\program files (x86)\microsoft visual studio 10.0\vc\include\string.h(283) : see declaration of 'wcscpy'
     1>c:\lib\wxwidgets-3.0.2\include\wx\wxcrt.h(213): warning C4996: 'strcpy': This function or variable may be unsafe. Consider using strcpy_s instead. To disable deprecation, use _CRT_SECURE_NO_WARNINGS. See online help for details.
                 c:\program files (x86)\microsoft visual studio 10.0\vc\include\string.h(105) : see declaration of 'strcpy'
     1>c:\lib\wxwidgets-3.0.2\include\wx\wxcrt.h(215): warning C4996: 'strcpy': This function or variable may be unsafe. Consider using strcpy_s instead. To disable deprecation, use _CRT_SECURE_NO_WARNINGS. See online help for details.
                 c:\program files (x86)\microsoft visual studio 10.0\vc\include\string.h(105) : see declaration of 'strcpy'
     1>c:\lib\wxwidgets-3.0.2\include\wx\wxcrt.h(217): warning C4996: 'strcpy': This function or variable may be unsafe. Consider using strcpy_s instead. To disable deprecation, use _CRT_SECURE_NO_WARNINGS. See online help for details.
                 c:\program files (x86)\microsoft visual studio 10.0\vc\include\string.h(105) : see declaration of 'strcpy'
     1>c:\lib\wxwidgets-3.0.2\include\wx\wxcrt.h(219): warning C4996: 'wcscpy': This function or variable may be unsafe. Consider using wcscpy_s instead. To disable deprecation, use _CRT_SECURE_NO_WARNINGS. See online help for details.
                 c:\program files (x86)\microsoft visual studio 10.0\vc\include\string.h(283) : see declaration of 'wcscpy'
     1>c:\lib\wxwidgets-3.0.2\include\wx\wxcrt.h(221): warning C4996: 'wcscpy': This function or variable may be unsafe. Consider using wcscpy_s instead. To disable deprecation, use _CRT_SECURE_NO_WARNINGS. See online help for details.
                 c:\program files (x86)\microsoft visual studio 10.0\vc\include\string.h(283) : see declaration of 'wcscpy'
     1>c:\lib\wxwidgets-3.0.2\include\wx\wxcrt.h(223): warning C4996: 'wcscpy': This function or variable may be unsafe. Consider using wcscpy_s instead. To disable deprecation, use _CRT_SECURE_NO_WARNINGS. See online help for details.
                 c:\program files (x86)\microsoft visual studio 10.0\vc\include\string.h(283) : see declaration of 'wcscpy'
     1>c:\lib\wxwidgets-3.0.2\include\wx\wxcrt.h(225): warning C4996: 'strcpy': This function or variable may be unsafe. Consider using strcpy_s instead. To disable deprecation, use _CRT_SECURE_NO_WARNINGS. See online help for details.
                 c:\program files (x86)\microsoft visual studio 10.0\vc\include\string.h(105) : see declaration of 'strcpy'
     1>c:\lib\wxwidgets-3.0.2\include\wx\wxcrt.h(227): warning C4996: 'wcscpy': This function or variable may be unsafe. Consider using wcscpy_s instead. To disable deprecation, use _CRT_SECURE_NO_WARNINGS. See online help for details.
                 c:\program files (x86)\microsoft visual studio 10.0\vc\include\string.h(283) : see declaration of 'wcscpy'
     1>c:\lib\wxwidgets-3.0.2\include\wx\wxcrt.h(230): warning C4996: 'strncpy': This function or variable may be unsafe. Consider using strncpy_s instead. To disable deprecation, use _CRT_SECURE_NO_WARNINGS. See online help for details.
                 c:\program files (x86)\microsoft visual studio 10.0\vc\include\string.h(188) : see declaration of 'strncpy'
     1>c:\lib\wxwidgets-3.0.2\include\wx\wxcrt.h(232): warning C4996: 'wcsncpy': This function or variable may be unsafe. Consider using wcsncpy_s instead. To disable deprecation, use _CRT_SECURE_NO_WARNINGS. See online help for details.
                 c:\program files (x86)\microsoft visual studio 10.0\vc\include\string.h(306) : see declaration of 'wcsncpy'
     1>c:\lib\wxwidgets-3.0.2\include\wx\wxcrt.h(234): warning C4996: 'strncpy': This function or variable may be unsafe. Consider using strncpy_s instead. To disable deprecation, use _CRT_SECURE_NO_WARNINGS. See online help for details.
                 c:\program files (x86)\microsoft visual studio 10.0\vc\include\string.h(188) : see declaration of 'strncpy'
     1>c:\lib\wxwidgets-3.0.2\include\wx\wxcrt.h(236): warning C4996: 'strncpy': This function or variable may be unsafe. Consider using strncpy_s instead. To disable deprecation, use _CRT_SECURE_NO_WARNINGS. See online help for details.
                 c:\program files (x86)\microsoft visual studio 10.0\vc\include\string.h(188) : see declaration of 'strncpy'
     1>c:\lib\wxwidgets-3.0.2\include\wx\wxcrt.h(238): warning C4996: 'strncpy': This function or variable may be unsafe. Consider using strncpy_s instead. To disable deprecation, use _CRT_SECURE_NO_WARNINGS. See online help for details.
                 c:\program files (x86)\microsoft visual studio 10.0\vc\include\string.h(188) : see declaration of 'strncpy'
     1>c:\lib\wxwidgets-3.0.2\include\wx\wxcrt.h(240): warning C4996: 'wcsncpy': This function or variable may be unsafe. Consider using wcsncpy_s instead. To disable deprecation, use _CRT_SECURE_NO_WARNINGS. See online help for details.
                 c:\program files (x86)\microsoft visual studio 10.0\vc\include\string.h(306) : see declaration of 'wcsncpy'
     1>c:\lib\wxwidgets-3.0.2\include\wx\wxcrt.h(242): warning C4996: 'wcsncpy': This function or variable may be unsafe. Consider using wcsncpy_s instead. To disable deprecation, use _CRT_SECURE_NO_WARNINGS. See online help for details.
                 c:\program files (x86)\microsoft visual studio 10.0\vc\include\string.h(306) : see declaration of 'wcsncpy'
     1>c:\lib\wxwidgets-3.0.2\include\wx\wxcrt.h(244): warning C4996: 'wcsncpy': This function or variable may be unsafe. Consider using wcsncpy_s instead. To disable deprecation, use _CRT_SECURE_NO_WARNINGS. See online help for details.
                 c:\program files (x86)\microsoft visual studio 10.0\vc\include\string.h(306) : see declaration of 'wcsncpy'
     1>c:\lib\wxwidgets-3.0.2\include\wx\wxcrt.h(246): warning C4996: 'strncpy': This function or variable may be unsafe. Consider using strncpy_s instead. To disable deprecation, use _CRT_SECURE_NO_WARNINGS. See online help for details.
                 c:\program files (x86)\microsoft visual studio 10.0\vc\include\string.h(188) : see declaration of 'strncpy'
     1>c:\lib\wxwidgets-3.0.2\include\wx\wxcrt.h(248): warning C4996: 'wcsncpy': This function or variable may be unsafe. Consider using wcsncpy_s instead. To disable deprecation, use _CRT_SECURE_NO_WARNINGS. See online help for details.
                 c:\program files (x86)\microsoft visual studio 10.0\vc\include\string.h(306) : see declaration of 'wcsncpy'
     1>c:\lib\wxwidgets-3.0.2\include\wx\wxcrt.h(260): warning C4996: 'strncpy': This function or variable may be unsafe. Consider using strncpy_s instead. To disable deprecation, use _CRT_SECURE_NO_WARNINGS. See online help for details.
                 c:\program files (x86)\microsoft visual studio 10.0\vc\include\string.h(188) : see declaration of 'strncpy'
     1>c:\lib\wxwidgets-3.0.2\include\wx\wxcrt.h(273): warning C4996: 'wcsncpy': This function or variable may be unsafe. Consider using wcsncpy_s instead. To disable deprecation, use _CRT_SECURE_NO_WARNINGS. See online help for details.
                 c:\program files (x86)\microsoft visual studio 10.0\vc\include\string.h(306) : see declaration of 'wcsncpy'
     1>c:\lib\wxwidgets-3.0.2\include\wx\wxcrt.h(281): warning C4996: 'strcat': This function or variable may be unsafe. Consider using strcat_s instead. To disable deprecation, use _CRT_SECURE_NO_WARNINGS. See online help for details.
                 c:\program files (x86)\microsoft visual studio 10.0\vc\include\string.h(110) : see declaration of 'strcat'
     1>c:\lib\wxwidgets-3.0.2\include\wx\wxcrt.h(283): warning C4996: 'wcscat': This function or variable may be unsafe. Consider using wcscat_s instead. To disable deprecation, use _CRT_SECURE_NO_WARNINGS. See online help for details.
                 c:\program files (x86)\microsoft visual studio 10.0\vc\include\string.h(276) : see declaration of 'wcscat'
     1>c:\lib\wxwidgets-3.0.2\include\wx\wxcrt.h(285): warning C4996: 'strcat': This function or variable may be unsafe. Consider using strcat_s instead. To disable deprecation, use _CRT_SECURE_NO_WARNINGS. See online help for details.
                 c:\program files (x86)\microsoft visual studio 10.0\vc\include\string.h(110) : see declaration of 'strcat'
     1>c:\lib\wxwidgets-3.0.2\include\wx\wxcrt.h(287): warning C4996: 'strcat': This function or variable may be unsafe. Consider using strcat_s instead. To disable deprecation, use _CRT_SECURE_NO_WARNINGS. See online help for details.
                 c:\program files (x86)\microsoft visual studio 10.0\vc\include\string.h(110) : see declaration of 'strcat'
     1>c:\lib\wxwidgets-3.0.2\include\wx\wxcrt.h(289): warning C4996: 'strcat': This function or variable may be unsafe. Consider using strcat_s instead. To disable deprecation, use _CRT_SECURE_NO_WARNINGS. See online help for details.
                 c:\program files (x86)\microsoft visual studio 10.0\vc\include\string.h(110) : see declaration of 'strcat'
     1>c:\lib\wxwidgets-3.0.2\include\wx\wxcrt.h(291): warning C4996: 'wcscat': This function or variable may be unsafe. Consider using wcscat_s instead. To disable deprecation, use _CRT_SECURE_NO_WARNINGS. See online help for details.
                 c:\program files (x86)\microsoft visual studio 10.0\vc\include\string.h(276) : see declaration of 'wcscat'
     1>c:\lib\wxwidgets-3.0.2\include\wx\wxcrt.h(293): warning C4996: 'wcscat': This function or variable may be unsafe. Consider using wcscat_s instead. To disable deprecation, use _CRT_SECURE_NO_WARNINGS. See online help for details.
                 c:\program files (x86)\microsoft visual studio 10.0\vc\include\string.h(276) : see declaration of 'wcscat'
     1>c:\lib\wxwidgets-3.0.2\include\wx\wxcrt.h(295): warning C4996: 'wcscat': This function or variable may be unsafe. Consider using wcscat_s instead. To disable deprecation, use _CRT_SECURE_NO_WARNINGS. See online help for details.
                 c:\program files (x86)\microsoft visual studio 10.0\vc\include\string.h(276) : see declaration of 'wcscat'
     1>c:\lib\wxwidgets-3.0.2\include\wx\wxcrt.h(297): warning C4996: 'strcat': This function or variable may be unsafe. Consider using strcat_s instead. To disable deprecation, use _CRT_SECURE_NO_WARNINGS. See online help for details.
                 c:\program files (x86)\microsoft visual studio 10.0\vc\include\string.h(110) : see declaration of 'strcat'
     1>c:\lib\wxwidgets-3.0.2\include\wx\wxcrt.h(299): warning C4996: 'wcscat': This function or variable may be unsafe. Consider using wcscat_s instead. To disable deprecation, use _CRT_SECURE_NO_WARNINGS. See online help for details.
                 c:\program files (x86)\microsoft visual studio 10.0\vc\include\string.h(276) : see declaration of 'wcscat'
     1>c:\lib\wxwidgets-3.0.2\include\wx\wxcrt.h(302): warning C4996: 'strncat': This function or variable may be unsafe. Consider using strncat_s instead. To disable deprecation, use _CRT_SECURE_NO_WARNINGS. See online help for details.
                 c:\program files (x86)\microsoft visual studio 10.0\vc\include\string.h(175) : see declaration of 'strncat'
     1>c:\lib\wxwidgets-3.0.2\include\wx\wxcrt.h(304): warning C4996: 'wcsncat': This function or variable may be unsafe. Consider using wcsncat_s instead. To disable deprecation, use _CRT_SECURE_NO_WARNINGS. See online help for details.
                 c:\program files (x86)\microsoft visual studio 10.0\vc\include\string.h(299) : see declaration of 'wcsncat'
     1>c:\lib\wxwidgets-3.0.2\include\wx\wxcrt.h(306): warning C4996: 'strncat': This function or variable may be unsafe. Consider using strncat_s instead. To disable deprecation, use _CRT_SECURE_NO_WARNINGS. See online help for details.
                 c:\program files (x86)\microsoft visual studio 10.0\vc\include\string.h(175) : see declaration of 'strncat'
     1>c:\lib\wxwidgets-3.0.2\include\wx\wxcrt.h(308): warning C4996: 'strncat': This function or variable may be unsafe. Consider using strncat_s instead. To disable deprecation, use _CRT_SECURE_NO_WARNINGS. See online help for details.
                 c:\program files (x86)\microsoft visual studio 10.0\vc\include\string.h(175) : see declaration of 'strncat'
     1>c:\lib\wxwidgets-3.0.2\include\wx\wxcrt.h(310): warning C4996: 'strncat': This function or variable may be unsafe. Consider using strncat_s instead. To disable deprecation, use _CRT_SECURE_NO_WARNINGS. See online help for details.
                 c:\program files (x86)\microsoft visual studio 10.0\vc\include\string.h(175) : see declaration of 'strncat'
     1>c:\lib\wxwidgets-3.0.2\include\wx\wxcrt.h(312): warning C4996: 'wcsncat': This function or variable may be unsafe. Consider using wcsncat_s instead. To disable deprecation, use _CRT_SECURE_NO_WARNINGS. See online help for details.
                 c:\program files (x86)\microsoft visual studio 10.0\vc\include\string.h(299) : see declaration of 'wcsncat'
     1>c:\lib\wxwidgets-3.0.2\include\wx\wxcrt.h(314): warning C4996: 'wcsncat': This function or variable may be unsafe. Consider using wcsncat_s instead. To disable deprecation, use _CRT_SECURE_NO_WARNINGS. See online help for details.
                 c:\program files (x86)\microsoft visual studio 10.0\vc\include\string.h(299) : see declaration of 'wcsncat'
     1>c:\lib\wxwidgets-3.0.2\include\wx\wxcrt.h(316): warning C4996: 'wcsncat': This function or variable may be unsafe. Consider using wcsncat_s instead. To disable deprecation, use _CRT_SECURE_NO_WARNINGS. See online help for details.
                 c:\program files (x86)\microsoft visual studio 10.0\vc\include\string.h(299) : see declaration of 'wcsncat'
     1>c:\lib\wxwidgets-3.0.2\include\wx\wxcrt.h(318): warning C4996: 'strncat': This function or variable may be unsafe. Consider using strncat_s instead. To disable deprecation, use _CRT_SECURE_NO_WARNINGS. See online help for details.
                 c:\program files (x86)\microsoft visual studio 10.0\vc\include\string.h(175) : see declaration of 'strncat'
     1>c:\lib\wxwidgets-3.0.2\include\wx\wxcrt.h(320): warning C4996: 'wcsncat': This function or variable may be unsafe. Consider using wcsncat_s instead. To disable deprecation, use _CRT_SECURE_NO_WARNINGS. See online help for details.
                 c:\program files (x86)\microsoft visual studio 10.0\vc\include\string.h(299) : see declaration of 'wcsncat'
     1>c:\lib\wxwidgets-3.0.2\include\wx\wxcrt.h(754): warning C4996: '_wfopen': This function or variable may be unsafe. Consider using _wfopen_s instead. To disable deprecation, use _CRT_SECURE_NO_WARNINGS. See online help for details.
                 c:\program files (x86)\microsoft visual studio 10.0\vc\include\stdio.h(601) : see declaration of '_wfopen'
     1>c:\lib\wxwidgets-3.0.2\include\wx\wxcrt.h(756): warning C4996: '_wfreopen': This function or variable may be unsafe. Consider using _wfreopen_s instead. To disable deprecation, use _CRT_SECURE_NO_WARNINGS. See online help for details.
                 c:\program files (x86)\microsoft visual studio 10.0\vc\include\stdio.h(603) : see declaration of '_wfreopen'
     1>c:\lib\wxwidgets-3.0.2\include\wx\wxcrt.h(923): warning C4996: 'getenv': This function or variable may be unsafe. Consider using _dupenv_s instead. To disable deprecation, use _CRT_SECURE_NO_WARNINGS. See online help for details.
                 c:\program files (x86)\microsoft visual studio 10.0\vc\include\stdlib.h(433) : see declaration of 'getenv'
     1>c:\lib\wxwidgets-3.0.2\include\wx\wxcrt.h(924): warning C4996: '_wgetenv': This function or variable may be unsafe. Consider using _wdupenv_s instead. To disable deprecation, use _CRT_SECURE_NO_WARNINGS. See online help for details.
                 c:\program files (x86)\microsoft visual studio 10.0\vc\include\wchar.h(879) : see declaration of '_wgetenv'
     1>c:\lib\wxwidgets-3.0.2\include\wx\wxcrt.h(925): warning C4996: 'getenv': This function or variable may be unsafe. Consider using _dupenv_s instead. To disable deprecation, use _CRT_SECURE_NO_WARNINGS. See online help for details.
                 c:\program files (x86)\microsoft visual studio 10.0\vc\include\stdlib.h(433) : see declaration of 'getenv'
     1>c:\lib\wxwidgets-3.0.2\include\wx\wxcrt.h(926): warning C4996: 'getenv': This function or variable may be unsafe. Consider using _dupenv_s instead. To disable deprecation, use _CRT_SECURE_NO_WARNINGS. See online help for details.
                 c:\program files (x86)\microsoft visual studio 10.0\vc\include\stdlib.h(433) : see declaration of 'getenv'
     1>c:\lib\wxwidgets-3.0.2\include\wx\wxcrt.h(927): warning C4996: 'getenv': This function or variable may be unsafe. Consider using _dupenv_s instead. To disable deprecation, use _CRT_SECURE_NO_WARNINGS. See online help for details.
                 c:\program files (x86)\microsoft visual studio 10.0\vc\include\stdlib.h(433) : see declaration of 'getenv'
     1>c:\lib\wxwidgets-3.0.2\include\wx\wxcrt.h(928): warning C4996: '_wgetenv': This function or variable may be unsafe. Consider using _wdupenv_s instead. To disable deprecation, use _CRT_SECURE_NO_WARNINGS. See online help for details.
                 c:\program files (x86)\microsoft visual studio 10.0\vc\include\wchar.h(879) : see declaration of '_wgetenv'
     1>c:\lib\wxwidgets-3.0.2\include\wx\filefn.h(515): warning C4996: '_wopen': This function or variable may be unsafe. Consider using _wsopen_s instead. To disable deprecation, use _CRT_SECURE_NO_WARNINGS. See online help for details.
                 c:\program files (x86)\microsoft visual studio 10.0\vc\include\wchar.h(334) : see declaration of '_wopen'
     1>c:\video_3.1.7\video\vaviwriter.cpp(51): warning C4996: 'localtime': This function or variable may be unsafe. Consider using localtime_s instead. To disable deprecation, use _CRT_SECURE_NO_WARNINGS. See online help for details.
                 c:\program files (x86)\microsoft visual studio 10.0\vc\include\time.inl(112) : see declaration of 'localtime'
     1>c:\video_3.1.7\video\vaviwriter.cpp(53): warning C4996: 'localtime': This function or variable may be unsafe. Consider using localtime_s instead. To disable deprecation, use _CRT_SECURE_NO_WARNINGS. See online help for details.
                 c:\program files (x86)\microsoft visual studio 10.0\vc\include\time.inl(112) : see declaration of 'localtime'
     1>c:\video_3.1.7\video\vaviwriter.cpp(54): warning C4996: 'localtime': This function or variable may be unsafe. Consider using localtime_s instead. To disable deprecation, use _CRT_SECURE_NO_WARNINGS. See online help for details.
                 c:\program files (x86)\microsoft visual studio 10.0\vc\include\time.inl(112) : see declaration of 'localtime'
     1>c:\video_3.1.7\video\vaviwriter.cpp(55): warning C4996: '_snprintf': This function or variable may be unsafe. Consider using _snprintf_s instead. To disable deprecation, use _CRT_SECURE_NO_WARNINGS. See online help for details.
                 c:\program files (x86)\microsoft visual studio 10.0\vc\include\stdio.h(363) : see declaration of '_snprintf'
         Generating Code...
       ResourceCompile:
         All outputs are up-to-date.
       Link:
         c:\Program Files (x86)\Microsoft Visual Studio 10.0\VC\bin\link.exe /ERRORREPORT:PROMPT /OUT:"..\..\build\Debug\video.exe" /INCREMENTAL:NO /NOLOGO /LIBPATH:"C:\Program Files\JAI\SDK\library\CPP\lib\Win32_i86" /LIBPATH:..\..\build\Debug baselib.lib c4flib.lib Jai_Factory.lib dblib.lib wxmsw30ud_core.lib wxbase30ud.lib comctl32.lib rpcrt4.lib winmm.lib advapi32.lib wsock32.lib opencv_core249d.lib opencv_highgui249d.lib opencv_imgproc249d.lib userenv.lib fbclient_ms.lib kernel32.lib user32.lib gdi32.lib winspool.lib comdlg32.lib advapi32.lib shell32.lib ole32.lib oleaut32.lib uuid.lib odbc32.lib odbccp32.lib /MANIFEST /ManifestFile:"video.tmp\video.exe.intermediate.manifest" /MANIFESTUAC:"level='asInvoker' uiAccess='false'" /DEBUG /PDB:"C:\video_3.1.7\build\Debug\video.pdb" /TLBID:1 /DYNAMICBASE /NXCOMPAT /IMPLIB:"..\..\build\Debug\video.lib" /MACHINE:X86 video.tmp\video.res
         video.tmp\V4fCacheThread.obj
         video.tmp\V4fDataSet.obj
         video.tmp\V4fFrame.obj
         video.tmp\V4fViewerDialog.obj
         video.tmp\dbmodule.obj
         video.tmp\V4fWriter.obj
         video.tmp\VAviWriter.obj
         video.tmp\VCameraControl.obj
         video.tmp\VCameraProperties.obj
         video.tmp\VCapture.obj
         video.tmp\VCaptureJAI.obj
         video.tmp\VCaptureRTSP.obj
         video.tmp\VCaptureThread.obj
         video.tmp\VCodeDPPThread.obj
         video.tmp\VCoordinatesClient.obj
         video.tmp\VCoordinatesRecord.obj
         video.tmp\VCoordinatesThread.obj
         video.tmp\video.obj
         video.tmp\VCameraPropDialog.obj
         video.tmp\VJpgWriter.obj
         video.tmp\VMainPropDialog.obj
         C:\video_3.1.7\build\Debug\baselib.lib
         C:\video_3.1.7\build\Debug\c4flib.lib
         C:\video_3.1.7\build\Debug\calclib.lib
     1>V4fCacheThread.obj : warning LNK4075: ignoring '/EDITANDCONTINUE' due to '/INCREMENTAL:NO' specification
         video.vcxproj -> C:\video_3.1.7\projects\msvc9\..\..\build\Debug\video.exe
       Manifest:
         C:\Program Files (x86)\Microsoft SDKs\Windows\v7.0A\bin\mt.exe /nologo /verbose /outputresource:"..\..\build\Debug\video.exe;#1" /manifest video.tmp\video.exe.intermediate.manifest
       FinalizeBuildStatus:
         Deleting file "video.tmp\video.unsuccessfulbuild".
         Touching "video.tmp\video.lastbuildstate".
     1>Done Building Project "C:\video_3.1.7\projects\msvc9\video.vcxproj" (build target(s)).

Build succeeded.

Time Elapsed 00:00:55.09
