C:\VIDEO_3.1.7\BUILD\DEBUG\CALCLIB.LIB
C:\video_3.1.7\projects\msvc9\..\..\build\Debug\calclib.lib
C:\video_3.1.7\projects\msvc9\calclib.tmp\calclib.vcxprojResolveAssemblyReference.cache
C:\video_3.1.7\projects\msvc9\calclib.tmp\calclib.write.1.tlog
C:\VIDEO_3.1.7\PROJECTS\MSVC9\CALCLIB.TMP\CANTING.OBJ
C:\video_3.1.7\projects\msvc9\calclib.tmp\CL.1040.read.1.tlog
C:\video_3.1.7\projects\msvc9\calclib.tmp\CL.1040.write.1.tlog
C:\video_3.1.7\projects\msvc9\calclib.tmp\CL.1056.read.1.tlog
C:\video_3.1.7\projects\msvc9\calclib.tmp\CL.1056.write.1.tlog
C:\video_3.1.7\projects\msvc9\calclib.tmp\CL.1244.read.1.tlog
C:\video_3.1.7\projects\msvc9\calclib.tmp\CL.1244.write.1.tlog
C:\video_3.1.7\projects\msvc9\calclib.tmp\CL.1296.read.1.tlog
C:\video_3.1.7\projects\msvc9\calclib.tmp\CL.1296.write.1.tlog
C:\video_3.1.7\projects\msvc9\calclib.tmp\CL.1368.read.1.tlog
C:\video_3.1.7\projects\msvc9\calclib.tmp\CL.1368.write.1.tlog
C:\video_3.1.7\projects\msvc9\calclib.tmp\CL.1480.read.1.tlog
C:\video_3.1.7\projects\msvc9\calclib.tmp\CL.1480.write.1.tlog
C:\video_3.1.7\projects\msvc9\calclib.tmp\CL.1532.read.1.tlog
C:\video_3.1.7\projects\msvc9\calclib.tmp\CL.1532.write.1.tlog
C:\video_3.1.7\projects\msvc9\calclib.tmp\CL.1544.read.1.tlog
C:\video_3.1.7\projects\msvc9\calclib.tmp\CL.1544.write.1.tlog
C:\video_3.1.7\projects\msvc9\calclib.tmp\CL.1564.read.1.tlog
C:\video_3.1.7\projects\msvc9\calclib.tmp\CL.1564.write.1.tlog
C:\video_3.1.7\projects\msvc9\calclib.tmp\CL.1624.read.1.tlog
C:\video_3.1.7\projects\msvc9\calclib.tmp\CL.1624.write.1.tlog
C:\video_3.1.7\projects\msvc9\calclib.tmp\CL.1636.read.1.tlog
C:\video_3.1.7\projects\msvc9\calclib.tmp\CL.1636.write.1.tlog
C:\video_3.1.7\projects\msvc9\calclib.tmp\CL.1684.read.1.tlog
C:\video_3.1.7\projects\msvc9\calclib.tmp\CL.1684.write.1.tlog
C:\video_3.1.7\projects\msvc9\calclib.tmp\CL.172.read.1.tlog
C:\video_3.1.7\projects\msvc9\calclib.tmp\CL.172.write.1.tlog
C:\video_3.1.7\projects\msvc9\calclib.tmp\CL.1832.read.1.tlog
C:\video_3.1.7\projects\msvc9\calclib.tmp\CL.1832.write.1.tlog
C:\video_3.1.7\projects\msvc9\calclib.tmp\CL.1988.read.1.tlog
C:\video_3.1.7\projects\msvc9\calclib.tmp\CL.1988.write.1.tlog
C:\video_3.1.7\projects\msvc9\calclib.tmp\CL.2064.read.1.tlog
C:\video_3.1.7\projects\msvc9\calclib.tmp\CL.2064.write.1.tlog
C:\video_3.1.7\projects\msvc9\calclib.tmp\CL.2368.read.1.tlog
C:\video_3.1.7\projects\msvc9\calclib.tmp\CL.2368.write.1.tlog
C:\video_3.1.7\projects\msvc9\calclib.tmp\CL.2492.read.1.tlog
C:\video_3.1.7\projects\msvc9\calclib.tmp\CL.2492.write.1.tlog
C:\video_3.1.7\projects\msvc9\calclib.tmp\CL.2648.read.1.tlog
C:\video_3.1.7\projects\msvc9\calclib.tmp\CL.2648.write.1.tlog
C:\video_3.1.7\projects\msvc9\calclib.tmp\CL.2752.read.1.tlog
C:\video_3.1.7\projects\msvc9\calclib.tmp\CL.2752.write.1.tlog
C:\video_3.1.7\projects\msvc9\calclib.tmp\CL.2824.read.1.tlog
C:\video_3.1.7\projects\msvc9\calclib.tmp\CL.2824.write.1.tlog
C:\video_3.1.7\projects\msvc9\calclib.tmp\CL.3036.read.1.tlog
C:\video_3.1.7\projects\msvc9\calclib.tmp\CL.3036.write.1.tlog
C:\video_3.1.7\projects\msvc9\calclib.tmp\CL.3260.read.1.tlog
C:\video_3.1.7\projects\msvc9\calclib.tmp\CL.3260.write.1.tlog
C:\video_3.1.7\projects\msvc9\calclib.tmp\CL.3272.read.1.tlog
C:\video_3.1.7\projects\msvc9\calclib.tmp\CL.3272.write.1.tlog
C:\video_3.1.7\projects\msvc9\calclib.tmp\CL.3308.read.1.tlog
C:\video_3.1.7\projects\msvc9\calclib.tmp\CL.3308.write.1.tlog
C:\video_3.1.7\projects\msvc9\calclib.tmp\CL.3388.read.1.tlog
C:\video_3.1.7\projects\msvc9\calclib.tmp\CL.3388.write.1.tlog
C:\video_3.1.7\projects\msvc9\calclib.tmp\CL.3488.read.1.tlog
C:\video_3.1.7\projects\msvc9\calclib.tmp\CL.3488.write.1.tlog
C:\video_3.1.7\projects\msvc9\calclib.tmp\CL.3664.read.1.tlog
C:\video_3.1.7\projects\msvc9\calclib.tmp\CL.3664.write.1.tlog
C:\video_3.1.7\projects\msvc9\calclib.tmp\CL.3784.read.1.tlog
C:\video_3.1.7\projects\msvc9\calclib.tmp\CL.3784.write.1.tlog
C:\video_3.1.7\projects\msvc9\calclib.tmp\CL.3952.read.1.tlog
C:\video_3.1.7\projects\msvc9\calclib.tmp\CL.3952.write.1.tlog
C:\video_3.1.7\projects\msvc9\calclib.tmp\CL.4012.read.1.tlog
C:\video_3.1.7\projects\msvc9\calclib.tmp\CL.4012.write.1.tlog
C:\video_3.1.7\projects\msvc9\calclib.tmp\CL.4024.read.1.tlog
C:\video_3.1.7\projects\msvc9\calclib.tmp\CL.4024.write.1.tlog
C:\video_3.1.7\projects\msvc9\calclib.tmp\CL.4128.read.1.tlog
C:\video_3.1.7\projects\msvc9\calclib.tmp\CL.4128.write.1.tlog
C:\video_3.1.7\projects\msvc9\calclib.tmp\CL.4152.read.1.tlog
C:\video_3.1.7\projects\msvc9\calclib.tmp\CL.4152.write.1.tlog
C:\video_3.1.7\projects\msvc9\calclib.tmp\CL.4204.read.1.tlog
C:\video_3.1.7\projects\msvc9\calclib.tmp\CL.4204.write.1.tlog
C:\video_3.1.7\projects\msvc9\calclib.tmp\CL.4208.read.1.tlog
C:\video_3.1.7\projects\msvc9\calclib.tmp\CL.4208.write.1.tlog
C:\video_3.1.7\projects\msvc9\calclib.tmp\CL.4224.read.1.tlog
C:\video_3.1.7\projects\msvc9\calclib.tmp\CL.4224.write.1.tlog
C:\video_3.1.7\projects\msvc9\calclib.tmp\CL.4228.read.1.tlog
C:\video_3.1.7\projects\msvc9\calclib.tmp\CL.4228.write.1.tlog
C:\video_3.1.7\projects\msvc9\calclib.tmp\CL.4316.read.1.tlog
C:\video_3.1.7\projects\msvc9\calclib.tmp\CL.4316.write.1.tlog
C:\video_3.1.7\projects\msvc9\calclib.tmp\CL.4340.read.1.tlog
C:\video_3.1.7\projects\msvc9\calclib.tmp\CL.4340.write.1.tlog
C:\video_3.1.7\projects\msvc9\calclib.tmp\CL.4420.read.1.tlog
C:\video_3.1.7\projects\msvc9\calclib.tmp\CL.4420.write.1.tlog
C:\video_3.1.7\projects\msvc9\calclib.tmp\CL.444.read.1.tlog
C:\video_3.1.7\projects\msvc9\calclib.tmp\CL.444.write.1.tlog
C:\video_3.1.7\projects\msvc9\calclib.tmp\CL.4492.read.1.tlog
C:\video_3.1.7\projects\msvc9\calclib.tmp\CL.4492.write.1.tlog
C:\video_3.1.7\projects\msvc9\calclib.tmp\CL.4496.read.1.tlog
C:\video_3.1.7\projects\msvc9\calclib.tmp\CL.4496.write.1.tlog
C:\video_3.1.7\projects\msvc9\calclib.tmp\CL.4524.read.1.tlog
C:\video_3.1.7\projects\msvc9\calclib.tmp\CL.4524.write.1.tlog
C:\video_3.1.7\projects\msvc9\calclib.tmp\CL.4544.read.1.tlog
C:\video_3.1.7\projects\msvc9\calclib.tmp\CL.4544.write.1.tlog
C:\video_3.1.7\projects\msvc9\calclib.tmp\CL.4588.read.1.tlog
C:\video_3.1.7\projects\msvc9\calclib.tmp\CL.4588.write.1.tlog
C:\video_3.1.7\projects\msvc9\calclib.tmp\CL.4624.read.1.tlog
C:\video_3.1.7\projects\msvc9\calclib.tmp\CL.4624.write.1.tlog
C:\video_3.1.7\projects\msvc9\calclib.tmp\CL.4628.read.1.tlog
C:\video_3.1.7\projects\msvc9\calclib.tmp\CL.4628.write.1.tlog
C:\video_3.1.7\projects\msvc9\calclib.tmp\CL.4636.read.1.tlog
C:\video_3.1.7\projects\msvc9\calclib.tmp\CL.4636.write.1.tlog
C:\video_3.1.7\projects\msvc9\calclib.tmp\CL.4736.read.1.tlog
C:\video_3.1.7\projects\msvc9\calclib.tmp\CL.4736.write.1.tlog
C:\video_3.1.7\projects\msvc9\calclib.tmp\CL.4752.read.1.tlog
C:\video_3.1.7\projects\msvc9\calclib.tmp\CL.4752.write.1.tlog
C:\video_3.1.7\projects\msvc9\calclib.tmp\CL.4884.read.1.tlog
C:\video_3.1.7\projects\msvc9\calclib.tmp\CL.4884.write.1.tlog
C:\video_3.1.7\projects\msvc9\calclib.tmp\CL.4896.read.1.tlog
C:\video_3.1.7\projects\msvc9\calclib.tmp\CL.4896.write.1.tlog
C:\video_3.1.7\projects\msvc9\calclib.tmp\CL.4912.read.1.tlog
C:\video_3.1.7\projects\msvc9\calclib.tmp\CL.4912.write.1.tlog
C:\video_3.1.7\projects\msvc9\calclib.tmp\CL.5012.read.1.tlog
C:\video_3.1.7\projects\msvc9\calclib.tmp\CL.5012.write.1.tlog
C:\video_3.1.7\projects\msvc9\calclib.tmp\CL.5112.read.1.tlog
C:\video_3.1.7\projects\msvc9\calclib.tmp\CL.5112.write.1.tlog
C:\video_3.1.7\projects\msvc9\calclib.tmp\CL.5184.read.1.tlog
C:\video_3.1.7\projects\msvc9\calclib.tmp\CL.5184.write.1.tlog
C:\video_3.1.7\projects\msvc9\calclib.tmp\CL.5416.read.1.tlog
C:\video_3.1.7\projects\msvc9\calclib.tmp\CL.5416.write.1.tlog
C:\video_3.1.7\projects\msvc9\calclib.tmp\CL.804.read.1.tlog
C:\video_3.1.7\projects\msvc9\calclib.tmp\CL.804.write.1.tlog
C:\video_3.1.7\projects\msvc9\calclib.tmp\CL.968.read.1.tlog
C:\video_3.1.7\projects\msvc9\calclib.tmp\CL.968.write.1.tlog
C:\video_3.1.7\projects\msvc9\calclib.tmp\cl.command.1.tlog
C:\video_3.1.7\projects\msvc9\calclib.tmp\CL.read.1.tlog
C:\video_3.1.7\projects\msvc9\calclib.tmp\cl.write.1.tlog
C:\VIDEO_3.1.7\PROJECTS\MSVC9\CALCLIB.TMP\DATAEXPORT.OBJ
C:\VIDEO_3.1.7\PROJECTS\MSVC9\CALCLIB.TMP\DATAEXPORTFUNCTIONS.OBJ
C:\VIDEO_3.1.7\PROJECTS\MSVC9\CALCLIB.TMP\DATAEXPORTREPAIR.OBJ
C:\VIDEO_3.1.7\PROJECTS\MSVC9\CALCLIB.TMP\DATAEXPORTSTATION.OBJ
C:\VIDEO_3.1.7\PROJECTS\MSVC9\CALCLIB.TMP\DEBUGAPRINFO.OBJ
C:\VIDEO_3.1.7\PROJECTS\MSVC9\CALCLIB.TMP\DEBUGCURVES.OBJ
C:\VIDEO_3.1.7\PROJECTS\MSVC9\CALCLIB.TMP\DEBUGOVRS.OBJ
C:\VIDEO_3.1.7\PROJECTS\MSVC9\CALCLIB.TMP\DEBUGPRNGR.OBJ
C:\VIDEO_3.1.7\PROJECTS\MSVC9\CALCLIB.TMP\DEBUGSTAT.OBJ
C:\VIDEO_3.1.7\PROJECTS\MSVC9\CALCLIB.TMP\ERROR_MESSAGES.OBJ
C:\video_3.1.7\projects\msvc9\calclib.tmp\lib.command.1.tlog
C:\video_3.1.7\projects\msvc9\calclib.tmp\Lib-link.read.1.tlog
C:\video_3.1.7\projects\msvc9\calclib.tmp\Lib-link.write.1.tlog
C:\VIDEO_3.1.7\PROJECTS\MSVC9\CALCLIB.TMP\MARKERS.OBJ
C:\VIDEO_3.1.7\PROJECTS\MSVC9\CALCLIB.TMP\OVERSTEPS.OBJ
C:\VIDEO_3.1.7\PROJECTS\MSVC9\CALCLIB.TMP\PARAMETERS.OBJ
C:\VIDEO_3.1.7\PROJECTS\MSVC9\CALCLIB.TMP\RTPARAM.OBJ
C:\VIDEO_3.1.7\PROJECTS\MSVC9\CALCLIB.TMP\RTSOCKETS.OBJ
C:\VIDEO_3.1.7\PROJECTS\MSVC9\CALCLIB.TMP\SITUATION.OBJ
C:\VIDEO_3.1.7\PROJECTS\MSVC9\CALCLIB.TMP\STATIONCONV.OBJ
C:\VIDEO_3.1.7\PROJECTS\MSVC9\CALCLIB.TMP\TABLES.OBJ
C:\VIDEO_3.1.7\PROJECTS\MSVC9\CALCLIB.TMP\UPDATEDB.OBJ
C:\VIDEO_3.1.7\PROJECTS\MSVC9\CALCLIB.TMP\VAPRINFO.OBJ
C:\VIDEO_3.1.7\PROJECTS\MSVC9\CALCLIB.TMP\VAPRINFODB.OBJ
C:\VIDEO_3.1.7\PROJECTS\MSVC9\CALCLIB.TMP\VAPRINFOFILE.OBJ
C:\VIDEO_3.1.7\PROJECTS\MSVC9\CALCLIB.TMP\VAPRINFORECORD.OBJ
C:\VIDEO_3.1.7\PROJECTS\MSVC9\CALCLIB.TMP\VBASICPARAMETER.OBJ
C:\VIDEO_3.1.7\PROJECTS\MSVC9\CALCLIB.TMP\VC100.PDB
C:\VIDEO_3.1.7\PROJECTS\MSVC9\CALCLIB.TMP\VCALCOPTIONS.OBJ
C:\VIDEO_3.1.7\PROJECTS\MSVC9\CALCLIB.TMP\VCOMMENT.OBJ
C:\VIDEO_3.1.7\PROJECTS\MSVC9\CALCLIB.TMP\VCONTROLAREA.OBJ
C:\VIDEO_3.1.7\PROJECTS\MSVC9\CALCLIB.TMP\VCOORDPOINT.OBJ
C:\VIDEO_3.1.7\PROJECTS\MSVC9\CALCLIB.TMP\VCORRUPT.OBJ
C:\VIDEO_3.1.7\PROJECTS\MSVC9\CALCLIB.TMP\VCURVE.OBJ
C:\VIDEO_3.1.7\PROJECTS\MSVC9\CALCLIB.TMP\VCURVEEXPORT.OBJ
C:\VIDEO_3.1.7\PROJECTS\MSVC9\CALCLIB.TMP\VCURVELIST.OBJ
C:\VIDEO_3.1.7\PROJECTS\MSVC9\CALCLIB.TMP\VDATASET.OBJ
C:\VIDEO_3.1.7\PROJECTS\MSVC9\CALCLIB.TMP\VDIFFWIDTH.OBJ
C:\VIDEO_3.1.7\PROJECTS\MSVC9\CALCLIB.TMP\VEXPORTIMPORTTEXTFILE.OBJ
C:\VIDEO_3.1.7\PROJECTS\MSVC9\CALCLIB.TMP\VFILEMARK.OBJ
C:\VIDEO_3.1.7\PROJECTS\MSVC9\CALCLIB.TMP\VHISTORY.OBJ
C:\VIDEO_3.1.7\PROJECTS\MSVC9\CALCLIB.TMP\VHTML.OBJ
C:\VIDEO_3.1.7\PROJECTS\MSVC9\CALCLIB.TMP\VKMRESULT.OBJ
C:\VIDEO_3.1.7\PROJECTS\MSVC9\CALCLIB.TMP\VLINELIST.OBJ
C:\VIDEO_3.1.7\PROJECTS\MSVC9\CALCLIB.TMP\VOPERATIONRESULT.OBJ
C:\VIDEO_3.1.7\PROJECTS\MSVC9\CALCLIB.TMP\VOPMARK.OBJ
C:\VIDEO_3.1.7\PROJECTS\MSVC9\CALCLIB.TMP\VOVERSTEP.OBJ
C:\VIDEO_3.1.7\PROJECTS\MSVC9\CALCLIB.TMP\VPARAMCORRECTIONS.OBJ
C:\VIDEO_3.1.7\PROJECTS\MSVC9\CALCLIB.TMP\VPARAMETER.OBJ
C:\VIDEO_3.1.7\PROJECTS\MSVC9\CALCLIB.TMP\VPER.OBJ
C:\VIDEO_3.1.7\PROJECTS\MSVC9\CALCLIB.TMP\VPERLINE.OBJ
C:\VIDEO_3.1.7\PROJECTS\MSVC9\CALCLIB.TMP\VPLAN.OBJ
C:\VIDEO_3.1.7\PROJECTS\MSVC9\CALCLIB.TMP\VPLANELEMLIST.OBJ
C:\VIDEO_3.1.7\PROJECTS\MSVC9\CALCLIB.TMP\VPRNGRAREAS.OBJ
C:\VIDEO_3.1.7\PROJECTS\MSVC9\CALCLIB.TMP\VPROFILE.OBJ
C:\VIDEO_3.1.7\PROJECTS\MSVC9\CALCLIB.TMP\VREMOTEFILE.OBJ
C:\VIDEO_3.1.7\PROJECTS\MSVC9\CALCLIB.TMP\VREPAIRESTIMATE.OBJ
C:\VIDEO_3.1.7\PROJECTS\MSVC9\CALCLIB.TMP\VSIDEWAYLIST.OBJ
C:\VIDEO_3.1.7\PROJECTS\MSVC9\CALCLIB.TMP\VSTATISTICS.OBJ
C:\VIDEO_3.1.7\PROJECTS\MSVC9\CALCLIB.TMP\VUKLON.OBJ
C:\VIDEO_3.1.7\PROJECTS\MSVC9\CALCLIB.TMP\VWEAR.OBJ
C:\VIDEO_3.1.7\PROJECTS\MSVC9\CALCLIB.TMP\VXMLREPORTBUILDER.OBJ
C:\VIDEO_3.1.7\PROJECTS\MSVC9\CALCLIB.TMP\VXMLROUTELIST.OBJ
C:\VIDEO_3.1.7\PROJECTS\MSVC9\CALCLIB.TMP\VZAZOR.OBJ
