C:\VIDEO_3.1.7\BUILD\DEBUG\DBLIB.LIB
C:\video_3.1.7\projects\msvc9\..\..\build\Debug\dblib.lib
C:\video_3.1.7\projects\msvc9\dblib.tmp\CL.1140.read.1.tlog
C:\video_3.1.7\projects\msvc9\dblib.tmp\CL.1140.write.1.tlog
C:\video_3.1.7\projects\msvc9\dblib.tmp\CL.1152.read.1.tlog
C:\video_3.1.7\projects\msvc9\dblib.tmp\CL.1152.write.1.tlog
C:\video_3.1.7\projects\msvc9\dblib.tmp\CL.1176.read.1.tlog
C:\video_3.1.7\projects\msvc9\dblib.tmp\CL.1176.write.1.tlog
C:\video_3.1.7\projects\msvc9\dblib.tmp\CL.1192.read.1.tlog
C:\video_3.1.7\projects\msvc9\dblib.tmp\CL.1192.write.1.tlog
C:\video_3.1.7\projects\msvc9\dblib.tmp\CL.1340.read.1.tlog
C:\video_3.1.7\projects\msvc9\dblib.tmp\CL.1340.write.1.tlog
C:\video_3.1.7\projects\msvc9\dblib.tmp\CL.1408.read.1.tlog
C:\video_3.1.7\projects\msvc9\dblib.tmp\CL.1408.write.1.tlog
C:\video_3.1.7\projects\msvc9\dblib.tmp\CL.1596.read.1.tlog
C:\video_3.1.7\projects\msvc9\dblib.tmp\CL.1596.write.1.tlog
C:\video_3.1.7\projects\msvc9\dblib.tmp\CL.1664.read.1.tlog
C:\video_3.1.7\projects\msvc9\dblib.tmp\CL.1664.write.1.tlog
C:\video_3.1.7\projects\msvc9\dblib.tmp\CL.1688.read.1.tlog
C:\video_3.1.7\projects\msvc9\dblib.tmp\CL.1688.write.1.tlog
C:\video_3.1.7\projects\msvc9\dblib.tmp\CL.172.read.1.tlog
C:\video_3.1.7\projects\msvc9\dblib.tmp\CL.172.write.1.tlog
C:\video_3.1.7\projects\msvc9\dblib.tmp\CL.1740.read.1.tlog
C:\video_3.1.7\projects\msvc9\dblib.tmp\CL.1740.write.1.tlog
C:\video_3.1.7\projects\msvc9\dblib.tmp\CL.2140.read.1.tlog
C:\video_3.1.7\projects\msvc9\dblib.tmp\CL.2140.write.1.tlog
C:\video_3.1.7\projects\msvc9\dblib.tmp\CL.2412.read.1.tlog
C:\video_3.1.7\projects\msvc9\dblib.tmp\CL.2412.write.1.tlog
C:\video_3.1.7\projects\msvc9\dblib.tmp\CL.2684.read.1.tlog
C:\video_3.1.7\projects\msvc9\dblib.tmp\CL.2684.write.1.tlog
C:\video_3.1.7\projects\msvc9\dblib.tmp\CL.2748.read.1.tlog
C:\video_3.1.7\projects\msvc9\dblib.tmp\CL.2748.write.1.tlog
C:\video_3.1.7\projects\msvc9\dblib.tmp\CL.276.read.1.tlog
C:\video_3.1.7\projects\msvc9\dblib.tmp\CL.276.write.1.tlog
C:\video_3.1.7\projects\msvc9\dblib.tmp\CL.2784.read.1.tlog
C:\video_3.1.7\projects\msvc9\dblib.tmp\CL.2784.write.1.tlog
C:\video_3.1.7\projects\msvc9\dblib.tmp\CL.2916.read.1.tlog
C:\video_3.1.7\projects\msvc9\dblib.tmp\CL.2916.write.1.tlog
C:\video_3.1.7\projects\msvc9\dblib.tmp\CL.2932.read.1.tlog
C:\video_3.1.7\projects\msvc9\dblib.tmp\CL.2932.write.1.tlog
C:\video_3.1.7\projects\msvc9\dblib.tmp\CL.3004.read.1.tlog
C:\video_3.1.7\projects\msvc9\dblib.tmp\CL.3004.write.1.tlog
C:\video_3.1.7\projects\msvc9\dblib.tmp\CL.3024.read.1.tlog
C:\video_3.1.7\projects\msvc9\dblib.tmp\CL.3024.write.1.tlog
C:\video_3.1.7\projects\msvc9\dblib.tmp\CL.3080.read.1.tlog
C:\video_3.1.7\projects\msvc9\dblib.tmp\CL.3080.write.1.tlog
C:\video_3.1.7\projects\msvc9\dblib.tmp\CL.3176.read.1.tlog
C:\video_3.1.7\projects\msvc9\dblib.tmp\CL.3176.write.1.tlog
C:\video_3.1.7\projects\msvc9\dblib.tmp\CL.3364.read.1.tlog
C:\video_3.1.7\projects\msvc9\dblib.tmp\CL.3364.write.1.tlog
C:\video_3.1.7\projects\msvc9\dblib.tmp\CL.3448.read.1.tlog
C:\video_3.1.7\projects\msvc9\dblib.tmp\CL.3448.write.1.tlog
C:\video_3.1.7\projects\msvc9\dblib.tmp\CL.3464.read.1.tlog
C:\video_3.1.7\projects\msvc9\dblib.tmp\CL.3464.write.1.tlog
C:\video_3.1.7\projects\msvc9\dblib.tmp\CL.3480.read.1.tlog
C:\video_3.1.7\projects\msvc9\dblib.tmp\CL.3480.write.1.tlog
C:\video_3.1.7\projects\msvc9\dblib.tmp\CL.3592.read.1.tlog
C:\video_3.1.7\projects\msvc9\dblib.tmp\CL.3592.write.1.tlog
C:\video_3.1.7\projects\msvc9\dblib.tmp\CL.3600.read.1.tlog
C:\video_3.1.7\projects\msvc9\dblib.tmp\CL.3600.write.1.tlog
C:\video_3.1.7\projects\msvc9\dblib.tmp\CL.3828.read.1.tlog
C:\video_3.1.7\projects\msvc9\dblib.tmp\CL.3828.write.1.tlog
C:\video_3.1.7\projects\msvc9\dblib.tmp\CL.3876.read.1.tlog
C:\video_3.1.7\projects\msvc9\dblib.tmp\CL.3876.write.1.tlog
C:\video_3.1.7\projects\msvc9\dblib.tmp\CL.3916.read.1.tlog
C:\video_3.1.7\projects\msvc9\dblib.tmp\CL.3916.write.1.tlog
C:\video_3.1.7\projects\msvc9\dblib.tmp\CL.4008.read.1.tlog
C:\video_3.1.7\projects\msvc9\dblib.tmp\CL.4008.write.1.tlog
C:\video_3.1.7\projects\msvc9\dblib.tmp\CL.4124.read.1.tlog
C:\video_3.1.7\projects\msvc9\dblib.tmp\CL.4124.write.1.tlog
C:\video_3.1.7\projects\msvc9\dblib.tmp\CL.4160.read.1.tlog
C:\video_3.1.7\projects\msvc9\dblib.tmp\CL.4160.write.1.tlog
C:\video_3.1.7\projects\msvc9\dblib.tmp\CL.4188.read.1.tlog
C:\video_3.1.7\projects\msvc9\dblib.tmp\CL.4188.write.1.tlog
C:\video_3.1.7\projects\msvc9\dblib.tmp\CL.4220.read.1.tlog
C:\video_3.1.7\projects\msvc9\dblib.tmp\CL.4220.write.1.tlog
C:\video_3.1.7\projects\msvc9\dblib.tmp\CL.4336.read.1.tlog
C:\video_3.1.7\projects\msvc9\dblib.tmp\CL.4336.write.1.tlog
C:\video_3.1.7\projects\msvc9\dblib.tmp\CL.4360.read.1.tlog
C:\video_3.1.7\projects\msvc9\dblib.tmp\CL.4360.write.1.tlog
C:\video_3.1.7\projects\msvc9\dblib.tmp\CL.4376.read.1.tlog
C:\video_3.1.7\projects\msvc9\dblib.tmp\CL.4376.write.1.tlog
C:\video_3.1.7\projects\msvc9\dblib.tmp\CL.4396.read.1.tlog
C:\video_3.1.7\projects\msvc9\dblib.tmp\CL.4396.write.1.tlog
C:\video_3.1.7\projects\msvc9\dblib.tmp\CL.4472.read.1.tlog
C:\video_3.1.7\projects\msvc9\dblib.tmp\CL.4472.write.1.tlog
C:\video_3.1.7\projects\msvc9\dblib.tmp\CL.4520.read.1.tlog
C:\video_3.1.7\projects\msvc9\dblib.tmp\CL.4520.write.1.tlog
C:\video_3.1.7\projects\msvc9\dblib.tmp\CL.4540.read.1.tlog
C:\video_3.1.7\projects\msvc9\dblib.tmp\CL.4540.write.1.tlog
C:\video_3.1.7\projects\msvc9\dblib.tmp\CL.4572.read.1.tlog
C:\video_3.1.7\projects\msvc9\dblib.tmp\CL.4572.write.1.tlog
C:\video_3.1.7\projects\msvc9\dblib.tmp\CL.4608.read.1.tlog
C:\video_3.1.7\projects\msvc9\dblib.tmp\CL.4608.write.1.tlog
C:\video_3.1.7\projects\msvc9\dblib.tmp\CL.4624.read.1.tlog
C:\video_3.1.7\projects\msvc9\dblib.tmp\CL.4624.write.1.tlog
C:\video_3.1.7\projects\msvc9\dblib.tmp\CL.4644.read.1.tlog
C:\video_3.1.7\projects\msvc9\dblib.tmp\CL.4644.write.1.tlog
C:\video_3.1.7\projects\msvc9\dblib.tmp\CL.4700.read.1.tlog
C:\video_3.1.7\projects\msvc9\dblib.tmp\CL.4700.write.1.tlog
C:\video_3.1.7\projects\msvc9\dblib.tmp\CL.4712.read.1.tlog
C:\video_3.1.7\projects\msvc9\dblib.tmp\CL.4712.write.1.tlog
C:\video_3.1.7\projects\msvc9\dblib.tmp\CL.4812.read.1.tlog
C:\video_3.1.7\projects\msvc9\dblib.tmp\CL.4812.write.1.tlog
C:\video_3.1.7\projects\msvc9\dblib.tmp\CL.4832.read.1.tlog
C:\video_3.1.7\projects\msvc9\dblib.tmp\CL.4832.write.1.tlog
C:\video_3.1.7\projects\msvc9\dblib.tmp\CL.4912.read.1.tlog
C:\video_3.1.7\projects\msvc9\dblib.tmp\CL.4912.write.1.tlog
C:\video_3.1.7\projects\msvc9\dblib.tmp\CL.4928.read.1.tlog
C:\video_3.1.7\projects\msvc9\dblib.tmp\CL.4928.write.1.tlog
C:\video_3.1.7\projects\msvc9\dblib.tmp\CL.4980.read.1.tlog
C:\video_3.1.7\projects\msvc9\dblib.tmp\CL.4980.write.1.tlog
C:\video_3.1.7\projects\msvc9\dblib.tmp\CL.5044.read.1.tlog
C:\video_3.1.7\projects\msvc9\dblib.tmp\CL.5044.write.1.tlog
C:\video_3.1.7\projects\msvc9\dblib.tmp\CL.5068.read.1.tlog
C:\video_3.1.7\projects\msvc9\dblib.tmp\CL.5068.write.1.tlog
C:\video_3.1.7\projects\msvc9\dblib.tmp\CL.676.read.1.tlog
C:\video_3.1.7\projects\msvc9\dblib.tmp\CL.676.write.1.tlog
C:\video_3.1.7\projects\msvc9\dblib.tmp\CL.716.read.1.tlog
C:\video_3.1.7\projects\msvc9\dblib.tmp\CL.716.write.1.tlog
C:\video_3.1.7\projects\msvc9\dblib.tmp\cl.command.1.tlog
C:\video_3.1.7\projects\msvc9\dblib.tmp\CL.read.1.tlog
C:\video_3.1.7\projects\msvc9\dblib.tmp\cl.write.1.tlog
C:\VIDEO_3.1.7\PROJECTS\MSVC9\DBLIB.TMP\DBFUNC.OBJ
C:\VIDEO_3.1.7\PROJECTS\MSVC9\DBLIB.TMP\DBLIB.OBJ
C:\video_3.1.7\projects\msvc9\dblib.tmp\dblib.vcxprojResolveAssemblyReference.cache
C:\video_3.1.7\projects\msvc9\dblib.tmp\dblib.write.1.tlog
C:\VIDEO_3.1.7\PROJECTS\MSVC9\DBLIB.TMP\KVLP.OBJ
C:\video_3.1.7\projects\msvc9\dblib.tmp\lib.command.1.tlog
C:\video_3.1.7\projects\msvc9\dblib.tmp\Lib-link.read.1.tlog
C:\video_3.1.7\projects\msvc9\dblib.tmp\Lib-link.write.1.tlog
C:\VIDEO_3.1.7\PROJECTS\MSVC9\DBLIB.TMP\SQLGEN.OBJ
C:\video_3.1.7\projects\msvc9\dblib.tmp\vc100.idb
C:\VIDEO_3.1.7\PROJECTS\MSVC9\DBLIB.TMP\VC100.PDB
