Build started 11-Oct-15 12:16:59.
     1>Project "C:\video_3.1.7\projects\msvc9\dblib.vcxproj" on node 3 (build target(s)).
     1>InitializeBuildStatus:
         Creating "dblib.tmp\dblib.unsuccessfulbuild" because "AlwaysCreate" was specified.
       ClCompile:
         All outputs are up-to-date.
         c:\Program Files (x86)\Microsoft Visual Studio 10.0\VC\bin\CL.exe /c /I..\..\baselib /I..\..\c4flib /ZI /nologo /W3 /WX- /Od /Oy- /D WIN32 /D _DEBUG /D _LIB /D _CRT_SECURE_NO_WARNINGS /D _SCL_SECURE_NO_WARNINGS /D _VC80_UPGRADE=0x0710 /D _UNICODE /D UNICODE /Gm- /EHsc /RTC1 /MDd /GS /fp:precise /Zc:wchar_t /Zc:forScope /GR /Fo"dblib.tmp\\" /Fd"dblib.tmp\vc100.pdb" /Gd /TP /analyze- /errorReport:prompt ..\..\dblib\dbfunc.cpp ..\..\dblib\dblib.cpp ..\..\dblib\kvlp.cpp ..\..\dblib\sqlgen.cpp /MP4 
         dbfunc.cpp
         dblib.cpp
         sqlgen.cpp
         kvlp.cpp
         Please define _WIN32_WINNT or _WIN32_WINDOWS appropriately. For example:
         - add -D_WIN32_WINNT=0x0501 to the compiler command line; or
         - add _WIN32_WINNT=0x0501 to your project's Preprocessor Definitions.
         Assuming _WIN32_WINNT=0x0501 (i.e. Windows XP target).
         Please define _WIN32_WINNT or _WIN32_WINDOWS appropriately. For example:
         - add -D_WIN32_WINNT=0x0501 to the compiler command line; or
         - add _WIN32_WINNT=0x0501 to your project's Preprocessor Definitions.
         Assuming _WIN32_WINNT=0x0501 (i.e. Windows XP target).
         Please define _WIN32_WINNT or _WIN32_WINDOWS appropriately. For example:
         - add -D_WIN32_WINNT=0x0501 to the compiler command line; or
         - add _WIN32_WINNT=0x0501 to your project's Preprocessor Definitions.
         Assuming _WIN32_WINNT=0x0501 (i.e. Windows XP target).
         Please define _WIN32_WINNT or _WIN32_WINDOWS appropriately. For example:
         - add -D_WIN32_WINNT=0x0501 to the compiler command line; or
         - add _WIN32_WINNT=0x0501 to your project's Preprocessor Definitions.
         Assuming _WIN32_WINNT=0x0501 (i.e. Windows XP target).
     1>c:\video_3.1.7\dblib\dblib.cpp(352): warning C4244: 'argument' : conversion from 'ISC_LONG' to 'short', possible loss of data
     1>c:\video_3.1.7\dblib\dblib.cpp(432): warning C4244: 'initializing' : conversion from 'ISC_LONG' to 'unsigned short', possible loss of data
     1>c:\video_3.1.7\dblib\dblib.cpp(904): warning C4244: '=' : conversion from 'std::streamoff' to 'size_t', possible loss of data
       Lib:
         c:\Program Files (x86)\Microsoft Visual Studio 10.0\VC\bin\Lib.exe /OUT:"..\..\build\Debug\dblib.lib" /NOLOGO dblib.tmp\dbfunc.obj
         dblib.tmp\dblib.obj
         dblib.tmp\kvlp.obj
         dblib.tmp\sqlgen.obj
         dblib.vcxproj -> C:\video_3.1.7\projects\msvc9\..\..\build\Debug\dblib.lib
       FinalizeBuildStatus:
         Deleting file "dblib.tmp\dblib.unsuccessfulbuild".
         Touching "dblib.tmp\dblib.lastbuildstate".
     1>Done Building Project "C:\video_3.1.7\projects\msvc9\dblib.vcxproj" (build target(s)).

Build succeeded.

Time Elapsed 00:01:00.99
