C:\VIDEO_3.1.7\BUILD\DEBUG\BASELIB.LIB
C:\video_3.1.7\projects\msvc9\..\..\build\Debug\baselib.lib
C:\video_3.1.7\projects\msvc9\baselib.tmp\baselib.vcxprojResolveAssemblyReference.cache
C:\video_3.1.7\projects\msvc9\baselib.tmp\baselib.write.1.tlog
C:\video_3.1.7\projects\msvc9\baselib.tmp\cl.command.1.tlog
C:\video_3.1.7\projects\msvc9\baselib.tmp\CL.read.1.tlog
C:\video_3.1.7\projects\msvc9\baselib.tmp\CL.write.1.tlog
C:\VIDEO_3.1.7\PROJECTS\MSVC9\BASELIB.TMP\FFT.OBJ
C:\VIDEO_3.1.7\PROJECTS\MSVC9\BASELIB.TMP\KALMAN.OBJ
C:\video_3.1.7\projects\msvc9\baselib.tmp\lib.command.1.tlog
C:\video_3.1.7\projects\msvc9\baselib.tmp\Lib-link.read.1.tlog
C:\video_3.1.7\projects\msvc9\baselib.tmp\Lib-link.write.1.tlog
C:\VIDEO_3.1.7\PROJECTS\MSVC9\BASELIB.TMP\MATHLIB.OBJ
C:\VIDEO_3.1.7\PROJECTS\MSVC9\BASELIB.TMP\OPTLIB.OBJ
C:\VIDEO_3.1.7\PROJECTS\MSVC9\BASELIB.TMP\PIECEWISE.OBJ
C:\VIDEO_3.1.7\PROJECTS\MSVC9\BASELIB.TMP\SIGNAL_PROCESSING.OBJ
C:\VIDEO_3.1.7\PROJECTS\MSVC9\BASELIB.TMP\STRLIB.OBJ
C:\VIDEO_3.1.7\PROJECTS\MSVC9\BASELIB.TMP\TIMELIB.OBJ
C:\VIDEO_3.1.7\PROJECTS\MSVC9\BASELIB.TMP\VC100.PDB
C:\VIDEO_3.1.7\PROJECTS\MSVC9\BASELIB.TMP\VEXCEPTION.OBJ
C:\VIDEO_3.1.7\PROJECTS\MSVC9\BASELIB.TMP\VLOG.OBJ
