C:\VIDEO_3.1.7\BUILD\DEBUG\C4FLIB.LIB
C:\video_3.1.7\projects\msvc9\..\..\build\Debug\c4flib.lib
C:\video_3.1.7\projects\msvc9\c4flib.tmp\c4flib.vcxprojResolveAssemblyReference.cache
C:\video_3.1.7\projects\msvc9\c4flib.tmp\c4flib.write.1.tlog
C:\video_3.1.7\projects\msvc9\c4flib.tmp\CL.1096.read.1.tlog
C:\video_3.1.7\projects\msvc9\c4flib.tmp\CL.1096.write.1.tlog
C:\video_3.1.7\projects\msvc9\c4flib.tmp\CL.120.read.1.tlog
C:\video_3.1.7\projects\msvc9\c4flib.tmp\CL.120.write.1.tlog
C:\video_3.1.7\projects\msvc9\c4flib.tmp\CL.1240.read.1.tlog
C:\video_3.1.7\projects\msvc9\c4flib.tmp\CL.1240.write.1.tlog
C:\video_3.1.7\projects\msvc9\c4flib.tmp\CL.1420.read.1.tlog
C:\video_3.1.7\projects\msvc9\c4flib.tmp\CL.1420.write.1.tlog
C:\video_3.1.7\projects\msvc9\c4flib.tmp\CL.1464.read.1.tlog
C:\video_3.1.7\projects\msvc9\c4flib.tmp\CL.1464.write.1.tlog
C:\video_3.1.7\projects\msvc9\c4flib.tmp\CL.1512.read.1.tlog
C:\video_3.1.7\projects\msvc9\c4flib.tmp\CL.1512.write.1.tlog
C:\video_3.1.7\projects\msvc9\c4flib.tmp\CL.1608.read.1.tlog
C:\video_3.1.7\projects\msvc9\c4flib.tmp\CL.1608.write.1.tlog
C:\video_3.1.7\projects\msvc9\c4flib.tmp\CL.1744.read.1.tlog
C:\video_3.1.7\projects\msvc9\c4flib.tmp\CL.1744.write.1.tlog
C:\video_3.1.7\projects\msvc9\c4flib.tmp\CL.1856.read.1.tlog
C:\video_3.1.7\projects\msvc9\c4flib.tmp\CL.1856.write.1.tlog
C:\video_3.1.7\projects\msvc9\c4flib.tmp\CL.2104.read.1.tlog
C:\video_3.1.7\projects\msvc9\c4flib.tmp\CL.2104.write.1.tlog
C:\video_3.1.7\projects\msvc9\c4flib.tmp\CL.2228.read.1.tlog
C:\video_3.1.7\projects\msvc9\c4flib.tmp\CL.2228.write.1.tlog
C:\video_3.1.7\projects\msvc9\c4flib.tmp\CL.2264.read.1.tlog
C:\video_3.1.7\projects\msvc9\c4flib.tmp\CL.2264.write.1.tlog
C:\video_3.1.7\projects\msvc9\c4flib.tmp\CL.2468.read.1.tlog
C:\video_3.1.7\projects\msvc9\c4flib.tmp\CL.2468.write.1.tlog
C:\video_3.1.7\projects\msvc9\c4flib.tmp\CL.2492.read.1.tlog
C:\video_3.1.7\projects\msvc9\c4flib.tmp\CL.2492.write.1.tlog
C:\video_3.1.7\projects\msvc9\c4flib.tmp\CL.2612.read.1.tlog
C:\video_3.1.7\projects\msvc9\c4flib.tmp\CL.2612.write.1.tlog
C:\video_3.1.7\projects\msvc9\c4flib.tmp\CL.2808.read.1.tlog
C:\video_3.1.7\projects\msvc9\c4flib.tmp\CL.2808.write.1.tlog
C:\video_3.1.7\projects\msvc9\c4flib.tmp\CL.2832.read.1.tlog
C:\video_3.1.7\projects\msvc9\c4flib.tmp\CL.2832.write.1.tlog
C:\video_3.1.7\projects\msvc9\c4flib.tmp\CL.2912.read.1.tlog
C:\video_3.1.7\projects\msvc9\c4flib.tmp\CL.2912.write.1.tlog
C:\video_3.1.7\projects\msvc9\c4flib.tmp\CL.2916.read.1.tlog
C:\video_3.1.7\projects\msvc9\c4flib.tmp\CL.2916.write.1.tlog
C:\video_3.1.7\projects\msvc9\c4flib.tmp\CL.2928.read.1.tlog
C:\video_3.1.7\projects\msvc9\c4flib.tmp\CL.2928.write.1.tlog
C:\video_3.1.7\projects\msvc9\c4flib.tmp\CL.3088.read.1.tlog
C:\video_3.1.7\projects\msvc9\c4flib.tmp\CL.3088.write.1.tlog
C:\video_3.1.7\projects\msvc9\c4flib.tmp\CL.3228.read.1.tlog
C:\video_3.1.7\projects\msvc9\c4flib.tmp\CL.3228.write.1.tlog
C:\video_3.1.7\projects\msvc9\c4flib.tmp\CL.3280.read.1.tlog
C:\video_3.1.7\projects\msvc9\c4flib.tmp\CL.3280.write.1.tlog
C:\video_3.1.7\projects\msvc9\c4flib.tmp\CL.3304.read.1.tlog
C:\video_3.1.7\projects\msvc9\c4flib.tmp\CL.3304.write.1.tlog
C:\video_3.1.7\projects\msvc9\c4flib.tmp\CL.3404.read.1.tlog
C:\video_3.1.7\projects\msvc9\c4flib.tmp\CL.3404.write.1.tlog
C:\video_3.1.7\projects\msvc9\c4flib.tmp\CL.3444.read.1.tlog
C:\video_3.1.7\projects\msvc9\c4flib.tmp\CL.3444.write.1.tlog
C:\video_3.1.7\projects\msvc9\c4flib.tmp\CL.3656.read.1.tlog
C:\video_3.1.7\projects\msvc9\c4flib.tmp\CL.3656.write.1.tlog
C:\video_3.1.7\projects\msvc9\c4flib.tmp\CL.3760.read.1.tlog
C:\video_3.1.7\projects\msvc9\c4flib.tmp\CL.3760.write.1.tlog
C:\video_3.1.7\projects\msvc9\c4flib.tmp\CL.3784.read.1.tlog
C:\video_3.1.7\projects\msvc9\c4flib.tmp\CL.3784.write.1.tlog
C:\video_3.1.7\projects\msvc9\c4flib.tmp\CL.3960.read.1.tlog
C:\video_3.1.7\projects\msvc9\c4flib.tmp\CL.3960.write.1.tlog
C:\video_3.1.7\projects\msvc9\c4flib.tmp\CL.4088.read.1.tlog
C:\video_3.1.7\projects\msvc9\c4flib.tmp\CL.4088.write.1.tlog
C:\video_3.1.7\projects\msvc9\c4flib.tmp\CL.4264.read.1.tlog
C:\video_3.1.7\projects\msvc9\c4flib.tmp\CL.4264.write.1.tlog
C:\video_3.1.7\projects\msvc9\c4flib.tmp\CL.4276.read.1.tlog
C:\video_3.1.7\projects\msvc9\c4flib.tmp\CL.4276.write.1.tlog
C:\video_3.1.7\projects\msvc9\c4flib.tmp\CL.4336.read.1.tlog
C:\video_3.1.7\projects\msvc9\c4flib.tmp\CL.4336.write.1.tlog
C:\video_3.1.7\projects\msvc9\c4flib.tmp\CL.4356.read.1.tlog
C:\video_3.1.7\projects\msvc9\c4flib.tmp\CL.4356.write.1.tlog
C:\video_3.1.7\projects\msvc9\c4flib.tmp\CL.4364.read.1.tlog
C:\video_3.1.7\projects\msvc9\c4flib.tmp\CL.4364.write.1.tlog
C:\video_3.1.7\projects\msvc9\c4flib.tmp\CL.4392.read.1.tlog
C:\video_3.1.7\projects\msvc9\c4flib.tmp\CL.4392.write.1.tlog
C:\video_3.1.7\projects\msvc9\c4flib.tmp\CL.4460.read.1.tlog
C:\video_3.1.7\projects\msvc9\c4flib.tmp\CL.4460.write.1.tlog
C:\video_3.1.7\projects\msvc9\c4flib.tmp\CL.4504.read.1.tlog
C:\video_3.1.7\projects\msvc9\c4flib.tmp\CL.4504.write.1.tlog
C:\video_3.1.7\projects\msvc9\c4flib.tmp\CL.4552.read.1.tlog
C:\video_3.1.7\projects\msvc9\c4flib.tmp\CL.4552.write.1.tlog
C:\video_3.1.7\projects\msvc9\c4flib.tmp\CL.4620.read.1.tlog
C:\video_3.1.7\projects\msvc9\c4flib.tmp\CL.4620.write.1.tlog
C:\video_3.1.7\projects\msvc9\c4flib.tmp\CL.4624.read.1.tlog
C:\video_3.1.7\projects\msvc9\c4flib.tmp\CL.4624.write.1.tlog
C:\video_3.1.7\projects\msvc9\c4flib.tmp\CL.4628.read.1.tlog
C:\video_3.1.7\projects\msvc9\c4flib.tmp\CL.4628.write.1.tlog
C:\video_3.1.7\projects\msvc9\c4flib.tmp\CL.4708.read.1.tlog
C:\video_3.1.7\projects\msvc9\c4flib.tmp\CL.4708.write.1.tlog
C:\video_3.1.7\projects\msvc9\c4flib.tmp\CL.472.read.1.tlog
C:\video_3.1.7\projects\msvc9\c4flib.tmp\CL.472.write.1.tlog
C:\video_3.1.7\projects\msvc9\c4flib.tmp\CL.4764.read.1.tlog
C:\video_3.1.7\projects\msvc9\c4flib.tmp\CL.4764.write.1.tlog
C:\video_3.1.7\projects\msvc9\c4flib.tmp\CL.4840.read.1.tlog
C:\video_3.1.7\projects\msvc9\c4flib.tmp\CL.4840.write.1.tlog
C:\video_3.1.7\projects\msvc9\c4flib.tmp\CL.4860.read.1.tlog
C:\video_3.1.7\projects\msvc9\c4flib.tmp\CL.4860.write.1.tlog
C:\video_3.1.7\projects\msvc9\c4flib.tmp\CL.4868.read.1.tlog
C:\video_3.1.7\projects\msvc9\c4flib.tmp\CL.4868.write.1.tlog
C:\video_3.1.7\projects\msvc9\c4flib.tmp\CL.4884.read.1.tlog
C:\video_3.1.7\projects\msvc9\c4flib.tmp\CL.4884.write.1.tlog
C:\video_3.1.7\projects\msvc9\c4flib.tmp\CL.4920.read.1.tlog
C:\video_3.1.7\projects\msvc9\c4flib.tmp\CL.4920.write.1.tlog
C:\video_3.1.7\projects\msvc9\c4flib.tmp\CL.5028.read.1.tlog
C:\video_3.1.7\projects\msvc9\c4flib.tmp\CL.5028.write.1.tlog
C:\video_3.1.7\projects\msvc9\c4flib.tmp\CL.5068.read.1.tlog
C:\video_3.1.7\projects\msvc9\c4flib.tmp\CL.5068.write.1.tlog
C:\video_3.1.7\projects\msvc9\c4flib.tmp\CL.5108.read.1.tlog
C:\video_3.1.7\projects\msvc9\c4flib.tmp\CL.5108.write.1.tlog
C:\video_3.1.7\projects\msvc9\c4flib.tmp\CL.528.read.1.tlog
C:\video_3.1.7\projects\msvc9\c4flib.tmp\CL.528.write.1.tlog
C:\video_3.1.7\projects\msvc9\c4flib.tmp\CL.5380.read.1.tlog
C:\video_3.1.7\projects\msvc9\c4flib.tmp\CL.5380.write.1.tlog
C:\video_3.1.7\projects\msvc9\c4flib.tmp\CL.5700.read.1.tlog
C:\video_3.1.7\projects\msvc9\c4flib.tmp\CL.5700.write.1.tlog
C:\video_3.1.7\projects\msvc9\c4flib.tmp\CL.612.read.1.tlog
C:\video_3.1.7\projects\msvc9\c4flib.tmp\CL.612.write.1.tlog
C:\video_3.1.7\projects\msvc9\c4flib.tmp\CL.764.read.1.tlog
C:\video_3.1.7\projects\msvc9\c4flib.tmp\CL.764.write.1.tlog
C:\video_3.1.7\projects\msvc9\c4flib.tmp\CL.908.read.1.tlog
C:\video_3.1.7\projects\msvc9\c4flib.tmp\CL.908.write.1.tlog
C:\video_3.1.7\projects\msvc9\c4flib.tmp\cl.command.1.tlog
C:\video_3.1.7\projects\msvc9\c4flib.tmp\CL.read.1.tlog
C:\video_3.1.7\projects\msvc9\c4flib.tmp\cl.write.1.tlog
C:\VIDEO_3.1.7\PROJECTS\MSVC9\C4FLIB.TMP\DATATYPES.OBJ
C:\video_3.1.7\projects\msvc9\c4flib.tmp\lib.command.1.tlog
C:\video_3.1.7\projects\msvc9\c4flib.tmp\Lib-link.read.1.tlog
C:\video_3.1.7\projects\msvc9\c4flib.tmp\Lib-link.write.1.tlog
C:\VIDEO_3.1.7\PROJECTS\MSVC9\C4FLIB.TMP\TYPES.OBJ
C:\VIDEO_3.1.7\PROJECTS\MSVC9\C4FLIB.TMP\VBASEDATAFILE.OBJ
C:\video_3.1.7\projects\msvc9\c4flib.tmp\vc100.idb
C:\VIDEO_3.1.7\PROJECTS\MSVC9\C4FLIB.TMP\VC100.PDB
C:\VIDEO_3.1.7\PROJECTS\MSVC9\C4FLIB.TMP\VFILENAME.OBJ
C:\VIDEO_3.1.7\PROJECTS\MSVC9\C4FLIB.TMP\VMAINFILE.OBJ
C:\VIDEO_3.1.7\PROJECTS\MSVC9\C4FLIB.TMP\VMEMORYMAPPEDFILE.OBJ
C:\VIDEO_3.1.7\PROJECTS\MSVC9\C4FLIB.TMP\VSTATIONFILE.OBJ
