Build started 11-Oct-15 12:16:59.
     1>Project "C:\video_3.1.7\projects\msvc9\c4flib.vcxproj" on node 2 (build target(s)).
     1>InitializeBuildStatus:
         Creating "c4flib.tmp\c4flib.unsuccessfulbuild" because "AlwaysCreate" was specified.
       ClCompile:
         All outputs are up-to-date.
         c:\Program Files (x86)\Microsoft Visual Studio 10.0\VC\bin\CL.exe /c /I..\..\baselib /ZI /nologo /W3 /WX- /Od /Oy- /D WIN32 /D _DEBUG /D _LIB /D _CRT_SECURE_NO_WARNINGS /D _SCL_SECURE_NO_WARNINGS /D _VC80_UPGRADE=0x0710 /D _UNICODE /D UNICODE /Gm- /EHsc /RTC1 /MDd /GS /fp:precise /Zc:wchar_t /Zc:forScope /GR /Fo"c4flib.tmp\\" /Fd"c4flib.tmp\vc100.pdb" /Gd /TP /analyze- /errorReport:prompt ..\..\c4flib\datatypes.cpp ..\..\c4flib\types.cpp ..\..\c4flib\VBaseDataFile.cpp ..\..\c4flib\VFileName.cpp ..\..\c4flib\VMainFile.cpp ..\..\c4flib\VMemoryMappedFile.cpp ..\..\c4flib\VStationFile.cpp /MP4 
         datatypes.cpp
         types.cpp
         VBaseDataFile.cpp
         VFileName.cpp
         Please define _WIN32_WINNT or _WIN32_WINDOWS appropriately. For example:
         - add -D_WIN32_WINNT=0x0501 to the compiler command line; or
         - add _WIN32_WINNT=0x0501 to your project's Preprocessor Definitions.
         Assuming _WIN32_WINNT=0x0501 (i.e. Windows XP target).
         Please define _WIN32_WINNT or _WIN32_WINDOWS appropriately. For example:
         - add -D_WIN32_WINNT=0x0501 to the compiler command line; or
         - add _WIN32_WINNT=0x0501 to your project's Preprocessor Definitions.
         Assuming _WIN32_WINNT=0x0501 (i.e. Windows XP target).
         Please define _WIN32_WINNT or _WIN32_WINDOWS appropriately. For example:
         - add -D_WIN32_WINNT=0x0501 to the compiler command line; or
         - add _WIN32_WINNT=0x0501 to your project's Preprocessor Definitions.
         Assuming _WIN32_WINNT=0x0501 (i.e. Windows XP target).
         VMainFile.cpp
         VMemoryMappedFile.cpp
         Please define _WIN32_WINNT or _WIN32_WINDOWS appropriately. For example:
         - add -D_WIN32_WINNT=0x0501 to the compiler command line; or
         - add _WIN32_WINNT=0x0501 to your project's Preprocessor Definitions.
         Assuming _WIN32_WINNT=0x0501 (i.e. Windows XP target).
         Please define _WIN32_WINNT or _WIN32_WINDOWS appropriately. For example:
         - add -D_WIN32_WINNT=0x0501 to the compiler command line; or
         - add _WIN32_WINNT=0x0501 to your project's Preprocessor Definitions.
         Assuming _WIN32_WINNT=0x0501 (i.e. Windows XP target).
         VStationFile.cpp
         Please define _WIN32_WINNT or _WIN32_WINDOWS appropriately. For example:
         - add -D_WIN32_WINNT=0x0501 to the compiler command line; or
         - add _WIN32_WINNT=0x0501 to your project's Preprocessor Definitions.
         Assuming _WIN32_WINNT=0x0501 (i.e. Windows XP target).
       Lib:
         c:\Program Files (x86)\Microsoft Visual Studio 10.0\VC\bin\Lib.exe /OUT:"..\..\build\Debug\c4flib.lib" /NOLOGO c4flib.tmp\datatypes.obj
         c4flib.tmp\types.obj
         c4flib.tmp\VBaseDataFile.obj
         c4flib.tmp\VFileName.obj
         c4flib.tmp\VMainFile.obj
         c4flib.tmp\VMemoryMappedFile.obj
         c4flib.tmp\VStationFile.obj
         c4flib.vcxproj -> C:\video_3.1.7\projects\msvc9\..\..\build\Debug\c4flib.lib
       FinalizeBuildStatus:
         Deleting file "c4flib.tmp\c4flib.unsuccessfulbuild".
         Touching "c4flib.tmp\c4flib.lastbuildstate".
     1>Done Building Project "C:\video_3.1.7\projects\msvc9\c4flib.vcxproj" (build target(s)).

Build succeeded.

Time Elapsed 00:00:49.51
